Build output check failed:
    Regex: 'command[- ]line option .* is valid for .* but not for C'
    Output line: 'cc1: warning: command line option ‘-Wnon-virtual-dtor’ is valid for C++/ObjC++ but not for C'
Compilation failed:
    source file: '/mnt/netapp/SECURITY/users/rnguyen/segModule/opencv-4.x/build/CMakeFiles/CMakeTmp/src.c'
    check option: ' -fsigned-char -W -Wall -Wreturn-type  -Wnon-virtual-dtor'
===== BUILD LOG =====
Change Dir: /mnt/netapp/SECURITY/users/rnguyen/segModule/opencv-4.x/build/CMakeFiles/CMakeTmp

Run Build Command(s):/bin/make cmTC_3b91f/fast && /bin/make -f CMakeFiles/cmTC_3b91f.dir/build.make CMakeFiles/cmTC_3b91f.dir/build
make[1]: Entering directory '/mnt/netapp/SECURITY/users/rnguyen/segModule/opencv-4.x/build/CMakeFiles/CMakeTmp'
Building C object CMakeFiles/cmTC_3b91f.dir/src.c.o
/bin/cc   -O3 -DNDEBUG -fPIE    -fsigned-char -W -Wall -Wreturn-type  -Wnon-virtual-dtor -o CMakeFiles/cmTC_3b91f.dir/src.c.o   -c /mnt/netapp/SECURITY/users/rnguyen/segModule/opencv-4.x/build/CMakeFiles/CMakeTmp/src.c
cc1: warning: command line option ‘-Wnon-virtual-dtor’ is valid for C++/ObjC++ but not for C
/mnt/netapp/SECURITY/users/rnguyen/segModule/opencv-4.x/build/CMakeFiles/CMakeTmp/src.c:1: warning: ignoring #pragma   [-Wunknown-pragmas]
    1 | #pragma
      | 
Linking C executable cmTC_3b91f
/usr/bin/cmake -E cmake_link_script CMakeFiles/cmTC_3b91f.dir/link.txt --verbose=1
/bin/cc   -O3 -DNDEBUG    CMakeFiles/cmTC_3b91f.dir/src.c.o  -o cmTC_3b91f 
make[1]: Leaving directory '/mnt/netapp/SECURITY/users/rnguyen/segModule/opencv-4.x/build/CMakeFiles/CMakeTmp'


===== END =====

Build output check failed:
    Regex: 'command[- ]line option .* is valid for .* but not for C\+\+'
    Output line: 'cc1plus: warning: command line option ‘-Wmissing-prototypes’ is valid for C/ObjC but not for C++'
Compilation failed:
    source file: '/mnt/netapp/SECURITY/users/rnguyen/segModule/opencv-4.x/build/CMakeFiles/CMakeTmp/src.cxx'
    check option: ' -fsigned-char -W -Wall -Wreturn-type -Wnon-virtual-dtor -Waddress -Wsequence-point -Wformat -Wformat-security -Wmissing-declarations  -Wmissing-prototypes'
===== BUILD LOG =====
Change Dir: /mnt/netapp/SECURITY/users/rnguyen/segModule/opencv-4.x/build/CMakeFiles/CMakeTmp

Run Build Command(s):/bin/make cmTC_5dea0/fast && /bin/make -f CMakeFiles/cmTC_5dea0.dir/build.make CMakeFiles/cmTC_5dea0.dir/build
make[1]: Entering directory '/mnt/netapp/SECURITY/users/rnguyen/segModule/opencv-4.x/build/CMakeFiles/CMakeTmp'
Building CXX object CMakeFiles/cmTC_5dea0.dir/src.cxx.o
/bin/c++    -O3 -DNDEBUG -fPIE    -fsigned-char -W -Wall -Wreturn-type -Wnon-virtual-dtor -Waddress -Wsequence-point -Wformat -Wformat-security -Wmissing-declarations  -Wmissing-prototypes -std=c++11 -o CMakeFiles/cmTC_5dea0.dir/src.cxx.o -c /mnt/netapp/SECURITY/users/rnguyen/segModule/opencv-4.x/build/CMakeFiles/CMakeTmp/src.cxx
cc1plus: warning: command line option ‘-Wmissing-prototypes’ is valid for C/ObjC but not for C++
/mnt/netapp/SECURITY/users/rnguyen/segModule/opencv-4.x/build/CMakeFiles/CMakeTmp/src.cxx:1: warning: ignoring #pragma   [-Wunknown-pragmas]
    1 | #pragma
      | 
Linking CXX executable cmTC_5dea0
/usr/bin/cmake -E cmake_link_script CMakeFiles/cmTC_5dea0.dir/link.txt --verbose=1
/bin/c++    -O3 -DNDEBUG    CMakeFiles/cmTC_5dea0.dir/src.cxx.o  -o cmTC_5dea0 
make[1]: Leaving directory '/mnt/netapp/SECURITY/users/rnguyen/segModule/opencv-4.x/build/CMakeFiles/CMakeTmp'


===== END =====

Build output check failed:
    Regex: 'command[- ]line option .* is valid for .* but not for C\+\+'
    Output line: 'cc1plus: warning: command line option ‘-Wstrict-prototypes’ is valid for C/ObjC but not for C++'
Compilation failed:
    source file: '/mnt/netapp/SECURITY/users/rnguyen/segModule/opencv-4.x/build/CMakeFiles/CMakeTmp/src.cxx'
    check option: ' -fsigned-char -W -Wall -Wreturn-type -Wnon-virtual-dtor -Waddress -Wsequence-point -Wformat -Wformat-security -Wmissing-declarations  -Wstrict-prototypes'
===== BUILD LOG =====
Change Dir: /mnt/netapp/SECURITY/users/rnguyen/segModule/opencv-4.x/build/CMakeFiles/CMakeTmp

Run Build Command(s):/bin/make cmTC_23eb2/fast && /bin/make -f CMakeFiles/cmTC_23eb2.dir/build.make CMakeFiles/cmTC_23eb2.dir/build
make[1]: Entering directory '/mnt/netapp/SECURITY/users/rnguyen/segModule/opencv-4.x/build/CMakeFiles/CMakeTmp'
Building CXX object CMakeFiles/cmTC_23eb2.dir/src.cxx.o
/bin/c++    -O3 -DNDEBUG -fPIE    -fsigned-char -W -Wall -Wreturn-type -Wnon-virtual-dtor -Waddress -Wsequence-point -Wformat -Wformat-security -Wmissing-declarations  -Wstrict-prototypes -std=c++11 -o CMakeFiles/cmTC_23eb2.dir/src.cxx.o -c /mnt/netapp/SECURITY/users/rnguyen/segModule/opencv-4.x/build/CMakeFiles/CMakeTmp/src.cxx
cc1plus: warning: command line option ‘-Wstrict-prototypes’ is valid for C/ObjC but not for C++
/mnt/netapp/SECURITY/users/rnguyen/segModule/opencv-4.x/build/CMakeFiles/CMakeTmp/src.cxx:1: warning: ignoring #pragma   [-Wunknown-pragmas]
    1 | #pragma
      | 
Linking CXX executable cmTC_23eb2
/usr/bin/cmake -E cmake_link_script CMakeFiles/cmTC_23eb2.dir/link.txt --verbose=1
/bin/c++    -O3 -DNDEBUG    CMakeFiles/cmTC_23eb2.dir/src.cxx.o  -o cmTC_23eb2 
make[1]: Leaving directory '/mnt/netapp/SECURITY/users/rnguyen/segModule/opencv-4.x/build/CMakeFiles/CMakeTmp'


===== END =====

Build output check failed:
    Regex: 'command[- ]line option .* is valid for .* but not for C'
    Output line: 'cc1: warning: command line option ‘-Wsign-promo’ is valid for C++/ObjC++ but not for C'
Compilation failed:
    source file: '/mnt/netapp/SECURITY/users/rnguyen/segModule/opencv-4.x/build/CMakeFiles/CMakeTmp/src.c'
    check option: ' -fsigned-char -W -Wall -Wreturn-type -Waddress -Wsequence-point -Wformat -Wformat-security -Wmissing-declarations -Wmissing-prototypes -Wstrict-prototypes -Wundef -Winit-self -Wpointer-arith -Wshadow  -Wsign-promo'
===== BUILD LOG =====
Change Dir: /mnt/netapp/SECURITY/users/rnguyen/segModule/opencv-4.x/build/CMakeFiles/CMakeTmp

Run Build Command(s):/bin/make cmTC_2d63c/fast && /bin/make -f CMakeFiles/cmTC_2d63c.dir/build.make CMakeFiles/cmTC_2d63c.dir/build
make[1]: Entering directory '/mnt/netapp/SECURITY/users/rnguyen/segModule/opencv-4.x/build/CMakeFiles/CMakeTmp'
Building C object CMakeFiles/cmTC_2d63c.dir/src.c.o
/bin/cc   -O3 -DNDEBUG -fPIE    -fsigned-char -W -Wall -Wreturn-type -Waddress -Wsequence-point -Wformat -Wformat-security -Wmissing-declarations -Wmissing-prototypes -Wstrict-prototypes -Wundef -Winit-self -Wpointer-arith -Wshadow  -Wsign-promo -o CMakeFiles/cmTC_2d63c.dir/src.c.o   -c /mnt/netapp/SECURITY/users/rnguyen/segModule/opencv-4.x/build/CMakeFiles/CMakeTmp/src.c
cc1: warning: command line option ‘-Wsign-promo’ is valid for C++/ObjC++ but not for C
/mnt/netapp/SECURITY/users/rnguyen/segModule/opencv-4.x/build/CMakeFiles/CMakeTmp/src.c:1: warning: ignoring #pragma   [-Wunknown-pragmas]
    1 | #pragma
      | 
Linking C executable cmTC_2d63c
/usr/bin/cmake -E cmake_link_script CMakeFiles/cmTC_2d63c.dir/link.txt --verbose=1
/bin/cc   -O3 -DNDEBUG    CMakeFiles/cmTC_2d63c.dir/src.c.o  -o cmTC_2d63c 
make[1]: Leaving directory '/mnt/netapp/SECURITY/users/rnguyen/segModule/opencv-4.x/build/CMakeFiles/CMakeTmp'


===== END =====

Build output check failed:
    Regex: 'command[- ]line option .* is valid for .* but not for C'
    Output line: 'cc1: warning: command line option ‘-Wsuggest-override’ is valid for C++/ObjC++ but not for C'
Compilation failed:
    source file: '/mnt/netapp/SECURITY/users/rnguyen/segModule/opencv-4.x/build/CMakeFiles/CMakeTmp/src.c'
    check option: ' -fsigned-char -W -Wall -Wreturn-type -Waddress -Wsequence-point -Wformat -Wformat-security -Wmissing-declarations -Wmissing-prototypes -Wstrict-prototypes -Wundef -Winit-self -Wpointer-arith -Wshadow -Wuninitialized  -Wsuggest-override'
===== BUILD LOG =====
Change Dir: /mnt/netapp/SECURITY/users/rnguyen/segModule/opencv-4.x/build/CMakeFiles/CMakeTmp

Run Build Command(s):/bin/make cmTC_bf04d/fast && /bin/make -f CMakeFiles/cmTC_bf04d.dir/build.make CMakeFiles/cmTC_bf04d.dir/build
make[1]: Entering directory '/mnt/netapp/SECURITY/users/rnguyen/segModule/opencv-4.x/build/CMakeFiles/CMakeTmp'
Building C object CMakeFiles/cmTC_bf04d.dir/src.c.o
/bin/cc   -O3 -DNDEBUG -fPIE    -fsigned-char -W -Wall -Wreturn-type -Waddress -Wsequence-point -Wformat -Wformat-security -Wmissing-declarations -Wmissing-prototypes -Wstrict-prototypes -Wundef -Winit-self -Wpointer-arith -Wshadow -Wuninitialized  -Wsuggest-override -o CMakeFiles/cmTC_bf04d.dir/src.c.o   -c /mnt/netapp/SECURITY/users/rnguyen/segModule/opencv-4.x/build/CMakeFiles/CMakeTmp/src.c
cc1: warning: command line option ‘-Wsuggest-override’ is valid for C++/ObjC++ but not for C
/mnt/netapp/SECURITY/users/rnguyen/segModule/opencv-4.x/build/CMakeFiles/CMakeTmp/src.c:1: warning: ignoring #pragma   [-Wunknown-pragmas]
    1 | #pragma
      | 
Linking C executable cmTC_bf04d
/usr/bin/cmake -E cmake_link_script CMakeFiles/cmTC_bf04d.dir/link.txt --verbose=1
/bin/cc   -O3 -DNDEBUG    CMakeFiles/cmTC_bf04d.dir/src.c.o  -o cmTC_bf04d 
make[1]: Leaving directory '/mnt/netapp/SECURITY/users/rnguyen/segModule/opencv-4.x/build/CMakeFiles/CMakeTmp'


===== END =====

Build output check failed:
    Regex: 'command[- ]line option .* is valid for .* but not for C'
    Output line: 'cc1: warning: command line option ‘-Wno-delete-non-virtual-dtor’ is valid for C++/ObjC++ but not for C'
Compilation failed:
    source file: '/mnt/netapp/SECURITY/users/rnguyen/segModule/opencv-4.x/build/CMakeFiles/CMakeTmp/src.c'
    check option: ' -fsigned-char -W -Wall -Wreturn-type -Waddress -Wsequence-point -Wformat -Wformat-security -Wmissing-declarations -Wmissing-prototypes -Wstrict-prototypes -Wundef -Winit-self -Wpointer-arith -Wshadow -Wuninitialized  -Wno-delete-non-virtual-dtor'
===== BUILD LOG =====
Change Dir: /mnt/netapp/SECURITY/users/rnguyen/segModule/opencv-4.x/build/CMakeFiles/CMakeTmp

Run Build Command(s):/bin/make cmTC_b4464/fast && /bin/make -f CMakeFiles/cmTC_b4464.dir/build.make CMakeFiles/cmTC_b4464.dir/build
make[1]: Entering directory '/mnt/netapp/SECURITY/users/rnguyen/segModule/opencv-4.x/build/CMakeFiles/CMakeTmp'
Building C object CMakeFiles/cmTC_b4464.dir/src.c.o
/bin/cc   -O3 -DNDEBUG -fPIE    -fsigned-char -W -Wall -Wreturn-type -Waddress -Wsequence-point -Wformat -Wformat-security -Wmissing-declarations -Wmissing-prototypes -Wstrict-prototypes -Wundef -Winit-self -Wpointer-arith -Wshadow -Wuninitialized  -Wno-delete-non-virtual-dtor -o CMakeFiles/cmTC_b4464.dir/src.c.o   -c /mnt/netapp/SECURITY/users/rnguyen/segModule/opencv-4.x/build/CMakeFiles/CMakeTmp/src.c
cc1: warning: command line option ‘-Wno-delete-non-virtual-dtor’ is valid for C++/ObjC++ but not for C
/mnt/netapp/SECURITY/users/rnguyen/segModule/opencv-4.x/build/CMakeFiles/CMakeTmp/src.c:1: warning: ignoring #pragma   [-Wunknown-pragmas]
    1 | #pragma
      | 
Linking C executable cmTC_b4464
/usr/bin/cmake -E cmake_link_script CMakeFiles/cmTC_b4464.dir/link.txt --verbose=1
/bin/cc   -O3 -DNDEBUG    CMakeFiles/cmTC_b4464.dir/src.c.o  -o cmTC_b4464 
make[1]: Leaving directory '/mnt/netapp/SECURITY/users/rnguyen/segModule/opencv-4.x/build/CMakeFiles/CMakeTmp'


===== END =====

Build output check failed:
    Regex: 'unrecognized .*option'
    Output line: 'cc1plus: warning: unrecognized command line option ‘-Wno-unnamed-type-template-args’'
Compilation failed:
    source file: '/mnt/netapp/SECURITY/users/rnguyen/segModule/opencv-4.x/build/CMakeFiles/CMakeTmp/src.cxx'
    check option: ' -fsigned-char -W -Wall -Wreturn-type -Wnon-virtual-dtor -Waddress -Wsequence-point -Wformat -Wformat-security -Wmissing-declarations -Wundef -Winit-self -Wpointer-arith -Wshadow -Wsign-promo -Wuninitialized -Wsuggest-override -Wno-delete-non-virtual-dtor  -Wno-unnamed-type-template-args'
===== BUILD LOG =====
Change Dir: /mnt/netapp/SECURITY/users/rnguyen/segModule/opencv-4.x/build/CMakeFiles/CMakeTmp

Run Build Command(s):/bin/make cmTC_aa08e/fast && /bin/make -f CMakeFiles/cmTC_aa08e.dir/build.make CMakeFiles/cmTC_aa08e.dir/build
make[1]: Entering directory '/mnt/netapp/SECURITY/users/rnguyen/segModule/opencv-4.x/build/CMakeFiles/CMakeTmp'
Building CXX object CMakeFiles/cmTC_aa08e.dir/src.cxx.o
/bin/c++    -O3 -DNDEBUG -fPIE    -fsigned-char -W -Wall -Wreturn-type -Wnon-virtual-dtor -Waddress -Wsequence-point -Wformat -Wformat-security -Wmissing-declarations -Wundef -Winit-self -Wpointer-arith -Wshadow -Wsign-promo -Wuninitialized -Wsuggest-override -Wno-delete-non-virtual-dtor  -Wno-unnamed-type-template-args -std=c++11 -o CMakeFiles/cmTC_aa08e.dir/src.cxx.o -c /mnt/netapp/SECURITY/users/rnguyen/segModule/opencv-4.x/build/CMakeFiles/CMakeTmp/src.cxx
/mnt/netapp/SECURITY/users/rnguyen/segModule/opencv-4.x/build/CMakeFiles/CMakeTmp/src.cxx:1: warning: ignoring #pragma   [-Wunknown-pragmas]
    1 | #pragma
      | 
cc1plus: warning: unrecognized command line option ‘-Wno-unnamed-type-template-args’
Linking CXX executable cmTC_aa08e
/usr/bin/cmake -E cmake_link_script CMakeFiles/cmTC_aa08e.dir/link.txt --verbose=1
/bin/c++    -O3 -DNDEBUG    CMakeFiles/cmTC_aa08e.dir/src.cxx.o  -o cmTC_aa08e 
make[1]: Leaving directory '/mnt/netapp/SECURITY/users/rnguyen/segModule/opencv-4.x/build/CMakeFiles/CMakeTmp'


===== END =====

Build output check failed:
    Regex: 'unrecognized .*option'
    Output line: 'cc1: warning: unrecognized command line option ‘-Wno-unnamed-type-template-args’'
Compilation failed:
    source file: '/mnt/netapp/SECURITY/users/rnguyen/segModule/opencv-4.x/build/CMakeFiles/CMakeTmp/src.c'
    check option: ' -fsigned-char -W -Wall -Wreturn-type -Waddress -Wsequence-point -Wformat -Wformat-security -Wmissing-declarations -Wmissing-prototypes -Wstrict-prototypes -Wundef -Winit-self -Wpointer-arith -Wshadow -Wuninitialized  -Wno-unnamed-type-template-args'
===== BUILD LOG =====
Change Dir: /mnt/netapp/SECURITY/users/rnguyen/segModule/opencv-4.x/build/CMakeFiles/CMakeTmp

Run Build Command(s):/bin/make cmTC_6e00e/fast && /bin/make -f CMakeFiles/cmTC_6e00e.dir/build.make CMakeFiles/cmTC_6e00e.dir/build
make[1]: Entering directory '/mnt/netapp/SECURITY/users/rnguyen/segModule/opencv-4.x/build/CMakeFiles/CMakeTmp'
Building C object CMakeFiles/cmTC_6e00e.dir/src.c.o
/bin/cc   -O3 -DNDEBUG -fPIE    -fsigned-char -W -Wall -Wreturn-type -Waddress -Wsequence-point -Wformat -Wformat-security -Wmissing-declarations -Wmissing-prototypes -Wstrict-prototypes -Wundef -Winit-self -Wpointer-arith -Wshadow -Wuninitialized  -Wno-unnamed-type-template-args -o CMakeFiles/cmTC_6e00e.dir/src.c.o   -c /mnt/netapp/SECURITY/users/rnguyen/segModule/opencv-4.x/build/CMakeFiles/CMakeTmp/src.c
/mnt/netapp/SECURITY/users/rnguyen/segModule/opencv-4.x/build/CMakeFiles/CMakeTmp/src.c:1: warning: ignoring #pragma   [-Wunknown-pragmas]
    1 | #pragma
      | 
cc1: warning: unrecognized command line option ‘-Wno-unnamed-type-template-args’
Linking C executable cmTC_6e00e
/usr/bin/cmake -E cmake_link_script CMakeFiles/cmTC_6e00e.dir/link.txt --verbose=1
/bin/cc   -O3 -DNDEBUG    CMakeFiles/cmTC_6e00e.dir/src.c.o  -o cmTC_6e00e 
make[1]: Leaving directory '/mnt/netapp/SECURITY/users/rnguyen/segModule/opencv-4.x/build/CMakeFiles/CMakeTmp'


===== END =====

Compilation failed:
    source file: '/mnt/netapp/SECURITY/users/rnguyen/segModule/opencv-4.x/cmake/checks/cpu_sse3.cpp'
    check option: ''
===== BUILD LOG =====
Change Dir: /mnt/netapp/SECURITY/users/rnguyen/segModule/opencv-4.x/build/CMakeFiles/CMakeTmp

Run Build Command(s):/bin/make cmTC_107b3/fast && /bin/make -f CMakeFiles/cmTC_107b3.dir/build.make CMakeFiles/cmTC_107b3.dir/build
make[1]: Entering directory '/mnt/netapp/SECURITY/users/rnguyen/segModule/opencv-4.x/build/CMakeFiles/CMakeTmp'
Building CXX object CMakeFiles/cmTC_107b3.dir/cpu_sse3.cpp.o
/bin/c++    -O3 -DNDEBUG -fPIE   -std=c++11 -o CMakeFiles/cmTC_107b3.dir/cpu_sse3.cpp.o -c /mnt/netapp/SECURITY/users/rnguyen/segModule/opencv-4.x/cmake/checks/cpu_sse3.cpp
In file included from /mnt/netapp/SECURITY/users/rnguyen/segModule/opencv-4.x/cmake/checks/cpu_sse3.cpp:1:
/usr/lib/gcc/x86_64-linux-gnu/9/include/pmmintrin.h: In function ‘int main()’:
/usr/lib/gcc/x86_64-linux-gnu/9/include/pmmintrin.h:74:1: error: inlining failed in call to always_inline ‘__m128 _mm_moveldup_ps(__m128)’: target specific option mismatch
   74 | _mm_moveldup_ps (__m128 __X)
      | ^~~~~~~~~~~~~~~
/mnt/netapp/SECURITY/users/rnguyen/segModule/opencv-4.x/cmake/checks/cpu_sse3.cpp:5:24: note: called from here
    5 |     v = _mm_moveldup_ps(u); // SSE3
      |         ~~~~~~~~~~~~~~~^~~
In file included from /mnt/netapp/SECURITY/users/rnguyen/segModule/opencv-4.x/cmake/checks/cpu_sse3.cpp:1:
/usr/lib/gcc/x86_64-linux-gnu/9/include/pmmintrin.h:74:1: error: inlining failed in call to always_inline ‘__m128 _mm_moveldup_ps(__m128)’: target specific option mismatch
   74 | _mm_moveldup_ps (__m128 __X)
      | ^~~~~~~~~~~~~~~
/mnt/netapp/SECURITY/users/rnguyen/segModule/opencv-4.x/cmake/checks/cpu_sse3.cpp:5:24: note: called from here
    5 |     v = _mm_moveldup_ps(u); // SSE3
      |         ~~~~~~~~~~~~~~~^~~
make[1]: *** [CMakeFiles/cmTC_107b3.dir/build.make:66: CMakeFiles/cmTC_107b3.dir/cpu_sse3.cpp.o] Error 1
make[1]: Leaving directory '/mnt/netapp/SECURITY/users/rnguyen/segModule/opencv-4.x/build/CMakeFiles/CMakeTmp'
make: *** [Makefile:121: cmTC_107b3/fast] Error 2


===== END =====

Build output check failed:
    Regex: 'command[- ]line option .* is valid for .* but not for C'
    Output line: 'cc1: warning: command line option ‘-fvisibility-inlines-hidden’ is valid for C++/ObjC++ but not for C'
Compilation failed:
    source file: '/mnt/netapp/SECURITY/users/rnguyen/segModule/opencv-4.x/build/CMakeFiles/CMakeTmp/src.c'
    check option: ' -fsigned-char -W -Wall -Wreturn-type -Waddress -Wsequence-point -Wformat -Wformat-security -Wmissing-declarations -Wmissing-prototypes -Wstrict-prototypes -Wundef -Winit-self -Wpointer-arith -Wshadow -Wuninitialized -Wno-comment -Wimplicit-fallthrough=3 -Wno-strict-overflow -fdiagnostics-show-option -pthread -fomit-frame-pointer -ffunction-sections -fdata-sections  -msse3 -fvisibility=hidden  -fvisibility-inlines-hidden'
===== BUILD LOG =====
Change Dir: /mnt/netapp/SECURITY/users/rnguyen/segModule/opencv-4.x/build/CMakeFiles/CMakeTmp

Run Build Command(s):/bin/make cmTC_dc883/fast && /bin/make -f CMakeFiles/cmTC_dc883.dir/build.make CMakeFiles/cmTC_dc883.dir/build
make[1]: Entering directory '/mnt/netapp/SECURITY/users/rnguyen/segModule/opencv-4.x/build/CMakeFiles/CMakeTmp'
Building C object CMakeFiles/cmTC_dc883.dir/src.c.o
/bin/cc   -O3 -DNDEBUG -fPIE    -fsigned-char -W -Wall -Wreturn-type -Waddress -Wsequence-point -Wformat -Wformat-security -Wmissing-declarations -Wmissing-prototypes -Wstrict-prototypes -Wundef -Winit-self -Wpointer-arith -Wshadow -Wuninitialized -Wno-comment -Wimplicit-fallthrough=3 -Wno-strict-overflow -fdiagnostics-show-option -pthread -fomit-frame-pointer -ffunction-sections -fdata-sections  -msse3 -fvisibility=hidden  -fvisibility-inlines-hidden -o CMakeFiles/cmTC_dc883.dir/src.c.o   -c /mnt/netapp/SECURITY/users/rnguyen/segModule/opencv-4.x/build/CMakeFiles/CMakeTmp/src.c
cc1: warning: command line option ‘-fvisibility-inlines-hidden’ is valid for C++/ObjC++ but not for C
/mnt/netapp/SECURITY/users/rnguyen/segModule/opencv-4.x/build/CMakeFiles/CMakeTmp/src.c:1: warning: ignoring #pragma   [-Wunknown-pragmas]
    1 | #pragma
      | 
Linking C executable cmTC_dc883
/usr/bin/cmake -E cmake_link_script CMakeFiles/cmTC_dc883.dir/link.txt --verbose=1
/bin/cc   -O3 -DNDEBUG    CMakeFiles/cmTC_dc883.dir/src.c.o  -o cmTC_dc883 
make[1]: Leaving directory '/mnt/netapp/SECURITY/users/rnguyen/segModule/opencv-4.x/build/CMakeFiles/CMakeTmp'


===== END =====

Determining if the elf_aux_info exist failed with the following output:
Change Dir: /mnt/netapp/SECURITY/users/rnguyen/segModule/opencv-4.x/build/CMakeFiles/CMakeTmp

Run Build Command(s):/bin/make cmTC_a53fb/fast && /bin/make -f CMakeFiles/cmTC_a53fb.dir/build.make CMakeFiles/cmTC_a53fb.dir/build
make[1]: Entering directory '/mnt/netapp/SECURITY/users/rnguyen/segModule/opencv-4.x/build/CMakeFiles/CMakeTmp'
Building C object CMakeFiles/cmTC_a53fb.dir/CheckSymbolExists.c.o
/bin/cc   -fsigned-char -W -Wall -Wreturn-type -Waddress -Wsequence-point -Wformat -Wformat-security -Wmissing-declarations -Wmissing-prototypes -Wstrict-prototypes -Wundef -Winit-self -Wpointer-arith -Wshadow -Wuninitialized -Wno-comment -Wimplicit-fallthrough=3 -Wno-strict-overflow -fdiagnostics-show-option -pthread -fomit-frame-pointer -ffunction-sections -fdata-sections  -msse3 -fvisibility=hidden  -O3 -DNDEBUG  -DNDEBUG -fPIE   -o CMakeFiles/cmTC_a53fb.dir/CheckSymbolExists.c.o   -c /mnt/netapp/SECURITY/users/rnguyen/segModule/opencv-4.x/build/CMakeFiles/CMakeTmp/CheckSymbolExists.c
/mnt/netapp/SECURITY/users/rnguyen/segModule/opencv-4.x/build/CMakeFiles/CMakeTmp/CheckSymbolExists.c: In function ‘main’:
/mnt/netapp/SECURITY/users/rnguyen/segModule/opencv-4.x/build/CMakeFiles/CMakeTmp/CheckSymbolExists.c:8:19: error: ‘elf_aux_info’ undeclared (first use in this function)
    8 |   return ((int*)(&elf_aux_info))[argc];
      |                   ^~~~~~~~~~~~
/mnt/netapp/SECURITY/users/rnguyen/segModule/opencv-4.x/build/CMakeFiles/CMakeTmp/CheckSymbolExists.c:8:19: note: each undeclared identifier is reported only once for each function it appears in
/mnt/netapp/SECURITY/users/rnguyen/segModule/opencv-4.x/build/CMakeFiles/CMakeTmp/CheckSymbolExists.c:4:14: warning: parameter ‘argc’ set but not used [-Wunused-but-set-parameter]
    4 | int main(int argc, char** argv)
      |          ~~~~^~~~
make[1]: *** [CMakeFiles/cmTC_a53fb.dir/build.make:66: CMakeFiles/cmTC_a53fb.dir/CheckSymbolExists.c.o] Error 1
make[1]: Leaving directory '/mnt/netapp/SECURITY/users/rnguyen/segModule/opencv-4.x/build/CMakeFiles/CMakeTmp'
make: *** [Makefile:121: cmTC_a53fb/fast] Error 2


File /mnt/netapp/SECURITY/users/rnguyen/segModule/opencv-4.x/build/CMakeFiles/CMakeTmp/CheckSymbolExists.c:
/* */
#include <sys/auxv.h>

int main(int argc, char** argv)
{
  (void)argv;
#ifndef elf_aux_info
  return ((int*)(&elf_aux_info))[argc];
#else
  (void)argc;
  return 0;
#endif
}
Build output check failed:
    Regex: 'unrecognized .*option'
    Output line: 'cc1: warning: unrecognized command line option ‘-Wno-shorten-64-to-32’'
Compilation failed:
    source file: '/mnt/netapp/SECURITY/users/rnguyen/segModule/opencv-4.x/build/CMakeFiles/CMakeTmp/src.c'
    check option: ' -Wno-shorten-64-to-32'
===== BUILD LOG =====
Change Dir: /mnt/netapp/SECURITY/users/rnguyen/segModule/opencv-4.x/build/CMakeFiles/CMakeTmp

Run Build Command(s):/bin/make cmTC_e5b1e/fast && /bin/make -f CMakeFiles/cmTC_e5b1e.dir/build.make CMakeFiles/cmTC_e5b1e.dir/build
make[1]: Entering directory '/mnt/netapp/SECURITY/users/rnguyen/segModule/opencv-4.x/build/CMakeFiles/CMakeTmp'
Building C object CMakeFiles/cmTC_e5b1e.dir/src.c.o
/bin/cc   -fsigned-char -W -Wall -Wreturn-type -Waddress -Wsequence-point -Wformat -Wformat-security -Wmissing-declarations -Wmissing-prototypes -Wstrict-prototypes -Wundef -Winit-self -Wpointer-arith -Wshadow -Wuninitialized -Wno-comment -Wimplicit-fallthrough=3 -Wno-strict-overflow -fdiagnostics-show-option -pthread -fomit-frame-pointer -ffunction-sections -fdata-sections  -msse3 -fvisibility=hidden -Wno-unused-parameter -Wno-sign-compare  -O3 -DNDEBUG  -DNDEBUG -fPIE    -Wno-shorten-64-to-32 -o CMakeFiles/cmTC_e5b1e.dir/src.c.o   -c /mnt/netapp/SECURITY/users/rnguyen/segModule/opencv-4.x/build/CMakeFiles/CMakeTmp/src.c
/mnt/netapp/SECURITY/users/rnguyen/segModule/opencv-4.x/build/CMakeFiles/CMakeTmp/src.c:1: warning: ignoring #pragma   [-Wunknown-pragmas]
    1 | #pragma
      | 
cc1: warning: unrecognized command line option ‘-Wno-shorten-64-to-32’
Linking C executable cmTC_e5b1e
/usr/bin/cmake -E cmake_link_script CMakeFiles/cmTC_e5b1e.dir/link.txt --verbose=1
/bin/cc    -fsigned-char -W -Wall -Wreturn-type -Waddress -Wsequence-point -Wformat -Wformat-security -Wmissing-declarations -Wmissing-prototypes -Wstrict-prototypes -Wundef -Winit-self -Wpointer-arith -Wshadow -Wuninitialized -Wno-comment -Wimplicit-fallthrough=3 -Wno-strict-overflow -fdiagnostics-show-option -pthread -fomit-frame-pointer -ffunction-sections -fdata-sections  -msse3 -fvisibility=hidden -Wno-unused-parameter -Wno-sign-compare  -O3 -DNDEBUG  -DNDEBUG    -Wl,--gc-sections -Wl,--as-needed -Wl,--no-undefined  CMakeFiles/cmTC_e5b1e.dir/src.c.o  -o cmTC_e5b1e 
make[1]: Leaving directory '/mnt/netapp/SECURITY/users/rnguyen/segModule/opencv-4.x/build/CMakeFiles/CMakeTmp'


===== END =====

Looking for a ASM_NASM compiler failed with the following output:
-- The ASM_NASM compiler identification is unknown
-- Didn't find assembler
CMake Error at CMakeLists.txt:2 (project):
  No CMAKE_ASM_NASM_COMPILER could be found.

  Tell CMake where to find the compiler by setting either the environment
  variable "ASM_NASM" or the CMake cache entry CMAKE_ASM_NASM_COMPILER to the
  full path to the compiler, or to the compiler name if it is in the PATH.


-- Configuring incomplete, errors occurred!
See also "/mnt/netapp/SECURITY/users/rnguyen/segModule/opencv-4.x/build/3rdparty/libjpeg-turbo/simd/CMakeFiles/CheckASM_NASM/CMakeFiles/CMakeOutput.log".
See also "/mnt/netapp/SECURITY/users/rnguyen/segModule/opencv-4.x/build/3rdparty/libjpeg-turbo/simd/CMakeFiles/CheckASM_NASM/CMakeFiles/CMakeError.log".

Determining if the include file io.h exists failed with the following output:
Change Dir: /mnt/netapp/SECURITY/users/rnguyen/segModule/opencv-4.x/build/CMakeFiles/CMakeTmp

Run Build Command(s):/bin/make cmTC_ffad5/fast && /bin/make -f CMakeFiles/cmTC_ffad5.dir/build.make CMakeFiles/cmTC_ffad5.dir/build
make[1]: Entering directory '/mnt/netapp/SECURITY/users/rnguyen/segModule/opencv-4.x/build/CMakeFiles/CMakeTmp'
Building C object CMakeFiles/cmTC_ffad5.dir/CheckIncludeFile.c.o
/bin/cc   -fsigned-char -W -Wall -Wreturn-type -Waddress -Wsequence-point -Wformat -Wformat-security -Wmissing-declarations -Wmissing-prototypes -Wstrict-prototypes -Wundef -Winit-self -Wpointer-arith -Wshadow -Wuninitialized -Wno-comment -Wimplicit-fallthrough=3 -Wno-strict-overflow -fdiagnostics-show-option -pthread -fomit-frame-pointer -ffunction-sections -fdata-sections  -msse3 -fvisibility=hidden  -O3 -DNDEBUG  -DNDEBUG -fPIE   -o CMakeFiles/cmTC_ffad5.dir/CheckIncludeFile.c.o   -c /mnt/netapp/SECURITY/users/rnguyen/segModule/opencv-4.x/build/CMakeFiles/CMakeTmp/CheckIncludeFile.c
/mnt/netapp/SECURITY/users/rnguyen/segModule/opencv-4.x/build/CMakeFiles/CMakeTmp/CheckIncludeFile.c:1:10: fatal error: io.h: No such file or directory
    1 | #include <io.h>
      |          ^~~~~~
compilation terminated.
make[1]: *** [CMakeFiles/cmTC_ffad5.dir/build.make:66: CMakeFiles/cmTC_ffad5.dir/CheckIncludeFile.c.o] Error 1
make[1]: Leaving directory '/mnt/netapp/SECURITY/users/rnguyen/segModule/opencv-4.x/build/CMakeFiles/CMakeTmp'
make: *** [Makefile:121: cmTC_ffad5/fast] Error 2



Determining size of INT8 failed with the following output:
Change Dir: /mnt/netapp/SECURITY/users/rnguyen/segModule/opencv-4.x/build/CMakeFiles/CMakeTmp

Run Build Command(s):/bin/make cmTC_aa7ff/fast && /bin/make -f CMakeFiles/cmTC_aa7ff.dir/build.make CMakeFiles/cmTC_aa7ff.dir/build
make[1]: Entering directory '/mnt/netapp/SECURITY/users/rnguyen/segModule/opencv-4.x/build/CMakeFiles/CMakeTmp'
Building C object CMakeFiles/cmTC_aa7ff.dir/int8.c.o
/bin/cc   -fsigned-char -W -Wall -Wreturn-type -Waddress -Wsequence-point -Wformat -Wformat-security -Wmissing-declarations -Wmissing-prototypes -Wstrict-prototypes -Wundef -Winit-self -Wpointer-arith -Wshadow -Wuninitialized -Wno-comment -Wimplicit-fallthrough=3 -Wno-strict-overflow -fdiagnostics-show-option -pthread -fomit-frame-pointer -ffunction-sections -fdata-sections  -msse3 -fvisibility=hidden  -O3 -DNDEBUG  -DNDEBUG -fPIE   -o CMakeFiles/cmTC_aa7ff.dir/int8.c.o   -c /mnt/netapp/SECURITY/users/rnguyen/segModule/opencv-4.x/build/CMakeFiles/CheckTypeSize/int8.c
/mnt/netapp/SECURITY/users/rnguyen/segModule/opencv-4.x/build/CMakeFiles/CheckTypeSize/int8.c:23:22: error: ‘INT8’ undeclared here (not in a function); did you mean ‘INT8_C’?
   23 | #define SIZE (sizeof(INT8))
      |                      ^~~~
/mnt/netapp/SECURITY/users/rnguyen/segModule/opencv-4.x/build/CMakeFiles/CheckTypeSize/int8.c:25:12: note: in expansion of macro ‘SIZE’
   25 |   ('0' + ((SIZE / 10000)%10)),
      |            ^~~~
make[1]: *** [CMakeFiles/cmTC_aa7ff.dir/build.make:66: CMakeFiles/cmTC_aa7ff.dir/int8.c.o] Error 1
make[1]: Leaving directory '/mnt/netapp/SECURITY/users/rnguyen/segModule/opencv-4.x/build/CMakeFiles/CMakeTmp'
make: *** [Makefile:121: cmTC_aa7ff/fast] Error 2


/mnt/netapp/SECURITY/users/rnguyen/segModule/opencv-4.x/build/CMakeFiles/CheckTypeSize/int8.c:
#include <sys/types.h>
#include <stdint.h>
#include <stddef.h>


#undef KEY
#if defined(__i386)
# define KEY '_','_','i','3','8','6'
#elif defined(__x86_64)
# define KEY '_','_','x','8','6','_','6','4'
#elif defined(__ppc__)
# define KEY '_','_','p','p','c','_','_'
#elif defined(__ppc64__)
# define KEY '_','_','p','p','c','6','4','_','_'
#elif defined(__aarch64__)
# define KEY '_','_','a','a','r','c','h','6','4','_','_'
#elif defined(__ARM_ARCH_7A__)
# define KEY '_','_','A','R','M','_','A','R','C','H','_','7','A','_','_'
#elif defined(__ARM_ARCH_7S__)
# define KEY '_','_','A','R','M','_','A','R','C','H','_','7','S','_','_'
#endif

#define SIZE (sizeof(INT8))
static char info_size[] =  {'I', 'N', 'F', 'O', ':', 's','i','z','e','[',
  ('0' + ((SIZE / 10000)%10)),
  ('0' + ((SIZE / 1000)%10)),
  ('0' + ((SIZE / 100)%10)),
  ('0' + ((SIZE / 10)%10)),
  ('0' +  (SIZE    % 10)),
  ']',
#ifdef KEY
  ' ','k','e','y','[', KEY, ']',
#endif
  '\0'};

#ifdef __CLASSIC_C__
int main(argc, argv) int argc; char *argv[];
#else
int main(int argc, char *argv[])
#endif
{
  int require = 0;
  require += info_size[argc];
  (void)argv;
  return require;
}


Determining size of INT16 failed with the following output:
Change Dir: /mnt/netapp/SECURITY/users/rnguyen/segModule/opencv-4.x/build/CMakeFiles/CMakeTmp

Run Build Command(s):/bin/make cmTC_ecc1b/fast && /bin/make -f CMakeFiles/cmTC_ecc1b.dir/build.make CMakeFiles/cmTC_ecc1b.dir/build
make[1]: Entering directory '/mnt/netapp/SECURITY/users/rnguyen/segModule/opencv-4.x/build/CMakeFiles/CMakeTmp'
Building C object CMakeFiles/cmTC_ecc1b.dir/int16.c.o
/bin/cc   -fsigned-char -W -Wall -Wreturn-type -Waddress -Wsequence-point -Wformat -Wformat-security -Wmissing-declarations -Wmissing-prototypes -Wstrict-prototypes -Wundef -Winit-self -Wpointer-arith -Wshadow -Wuninitialized -Wno-comment -Wimplicit-fallthrough=3 -Wno-strict-overflow -fdiagnostics-show-option -pthread -fomit-frame-pointer -ffunction-sections -fdata-sections  -msse3 -fvisibility=hidden  -O3 -DNDEBUG  -DNDEBUG -fPIE   -o CMakeFiles/cmTC_ecc1b.dir/int16.c.o   -c /mnt/netapp/SECURITY/users/rnguyen/segModule/opencv-4.x/build/CMakeFiles/CheckTypeSize/int16.c
/mnt/netapp/SECURITY/users/rnguyen/segModule/opencv-4.x/build/CMakeFiles/CheckTypeSize/int16.c:23:22: error: ‘INT16’ undeclared here (not in a function); did you mean ‘INT16_C’?
   23 | #define SIZE (sizeof(INT16))
      |                      ^~~~~
/mnt/netapp/SECURITY/users/rnguyen/segModule/opencv-4.x/build/CMakeFiles/CheckTypeSize/int16.c:25:12: note: in expansion of macro ‘SIZE’
   25 |   ('0' + ((SIZE / 10000)%10)),
      |            ^~~~
make[1]: *** [CMakeFiles/cmTC_ecc1b.dir/build.make:66: CMakeFiles/cmTC_ecc1b.dir/int16.c.o] Error 1
make[1]: Leaving directory '/mnt/netapp/SECURITY/users/rnguyen/segModule/opencv-4.x/build/CMakeFiles/CMakeTmp'
make: *** [Makefile:121: cmTC_ecc1b/fast] Error 2


/mnt/netapp/SECURITY/users/rnguyen/segModule/opencv-4.x/build/CMakeFiles/CheckTypeSize/int16.c:
#include <sys/types.h>
#include <stdint.h>
#include <stddef.h>


#undef KEY
#if defined(__i386)
# define KEY '_','_','i','3','8','6'
#elif defined(__x86_64)
# define KEY '_','_','x','8','6','_','6','4'
#elif defined(__ppc__)
# define KEY '_','_','p','p','c','_','_'
#elif defined(__ppc64__)
# define KEY '_','_','p','p','c','6','4','_','_'
#elif defined(__aarch64__)
# define KEY '_','_','a','a','r','c','h','6','4','_','_'
#elif defined(__ARM_ARCH_7A__)
# define KEY '_','_','A','R','M','_','A','R','C','H','_','7','A','_','_'
#elif defined(__ARM_ARCH_7S__)
# define KEY '_','_','A','R','M','_','A','R','C','H','_','7','S','_','_'
#endif

#define SIZE (sizeof(INT16))
static char info_size[] =  {'I', 'N', 'F', 'O', ':', 's','i','z','e','[',
  ('0' + ((SIZE / 10000)%10)),
  ('0' + ((SIZE / 1000)%10)),
  ('0' + ((SIZE / 100)%10)),
  ('0' + ((SIZE / 10)%10)),
  ('0' +  (SIZE    % 10)),
  ']',
#ifdef KEY
  ' ','k','e','y','[', KEY, ']',
#endif
  '\0'};

#ifdef __CLASSIC_C__
int main(argc, argv) int argc; char *argv[];
#else
int main(int argc, char *argv[])
#endif
{
  int require = 0;
  require += info_size[argc];
  (void)argv;
  return require;
}


Determining size of INT32 failed with the following output:
Change Dir: /mnt/netapp/SECURITY/users/rnguyen/segModule/opencv-4.x/build/CMakeFiles/CMakeTmp

Run Build Command(s):/bin/make cmTC_94e31/fast && /bin/make -f CMakeFiles/cmTC_94e31.dir/build.make CMakeFiles/cmTC_94e31.dir/build
make[1]: Entering directory '/mnt/netapp/SECURITY/users/rnguyen/segModule/opencv-4.x/build/CMakeFiles/CMakeTmp'
Building C object CMakeFiles/cmTC_94e31.dir/int32.c.o
/bin/cc   -fsigned-char -W -Wall -Wreturn-type -Waddress -Wsequence-point -Wformat -Wformat-security -Wmissing-declarations -Wmissing-prototypes -Wstrict-prototypes -Wundef -Winit-self -Wpointer-arith -Wshadow -Wuninitialized -Wno-comment -Wimplicit-fallthrough=3 -Wno-strict-overflow -fdiagnostics-show-option -pthread -fomit-frame-pointer -ffunction-sections -fdata-sections  -msse3 -fvisibility=hidden  -O3 -DNDEBUG  -DNDEBUG -fPIE   -o CMakeFiles/cmTC_94e31.dir/int32.c.o   -c /mnt/netapp/SECURITY/users/rnguyen/segModule/opencv-4.x/build/CMakeFiles/CheckTypeSize/int32.c
/mnt/netapp/SECURITY/users/rnguyen/segModule/opencv-4.x/build/CMakeFiles/CheckTypeSize/int32.c:23:22: error: ‘INT32’ undeclared here (not in a function); did you mean ‘INT32_C’?
   23 | #define SIZE (sizeof(INT32))
      |                      ^~~~~
/mnt/netapp/SECURITY/users/rnguyen/segModule/opencv-4.x/build/CMakeFiles/CheckTypeSize/int32.c:25:12: note: in expansion of macro ‘SIZE’
   25 |   ('0' + ((SIZE / 10000)%10)),
      |            ^~~~
make[1]: *** [CMakeFiles/cmTC_94e31.dir/build.make:66: CMakeFiles/cmTC_94e31.dir/int32.c.o] Error 1
make[1]: Leaving directory '/mnt/netapp/SECURITY/users/rnguyen/segModule/opencv-4.x/build/CMakeFiles/CMakeTmp'
make: *** [Makefile:121: cmTC_94e31/fast] Error 2


/mnt/netapp/SECURITY/users/rnguyen/segModule/opencv-4.x/build/CMakeFiles/CheckTypeSize/int32.c:
#include <sys/types.h>
#include <stdint.h>
#include <stddef.h>


#undef KEY
#if defined(__i386)
# define KEY '_','_','i','3','8','6'
#elif defined(__x86_64)
# define KEY '_','_','x','8','6','_','6','4'
#elif defined(__ppc__)
# define KEY '_','_','p','p','c','_','_'
#elif defined(__ppc64__)
# define KEY '_','_','p','p','c','6','4','_','_'
#elif defined(__aarch64__)
# define KEY '_','_','a','a','r','c','h','6','4','_','_'
#elif defined(__ARM_ARCH_7A__)
# define KEY '_','_','A','R','M','_','A','R','C','H','_','7','A','_','_'
#elif defined(__ARM_ARCH_7S__)
# define KEY '_','_','A','R','M','_','A','R','C','H','_','7','S','_','_'
#endif

#define SIZE (sizeof(INT32))
static char info_size[] =  {'I', 'N', 'F', 'O', ':', 's','i','z','e','[',
  ('0' + ((SIZE / 10000)%10)),
  ('0' + ((SIZE / 1000)%10)),
  ('0' + ((SIZE / 100)%10)),
  ('0' + ((SIZE / 10)%10)),
  ('0' +  (SIZE    % 10)),
  ']',
#ifdef KEY
  ' ','k','e','y','[', KEY, ']',
#endif
  '\0'};

#ifdef __CLASSIC_C__
int main(argc, argv) int argc; char *argv[];
#else
int main(int argc, char *argv[])
#endif
{
  int require = 0;
  require += info_size[argc];
  (void)argv;
  return require;
}


Determining if the function setmode exists failed with the following output:
Change Dir: /mnt/netapp/SECURITY/users/rnguyen/segModule/opencv-4.x/build/CMakeFiles/CMakeTmp

Run Build Command(s):/bin/make cmTC_73772/fast && /bin/make -f CMakeFiles/cmTC_73772.dir/build.make CMakeFiles/cmTC_73772.dir/build
make[1]: Entering directory '/mnt/netapp/SECURITY/users/rnguyen/segModule/opencv-4.x/build/CMakeFiles/CMakeTmp'
Building C object CMakeFiles/cmTC_73772.dir/CheckFunctionExists.c.o
/bin/cc   -fsigned-char -W -Wall -Wreturn-type -Waddress -Wsequence-point -Wformat -Wformat-security -Wmissing-declarations -Wmissing-prototypes -Wstrict-prototypes -Wundef -Winit-self -Wpointer-arith -Wshadow -Wuninitialized -Wno-comment -Wimplicit-fallthrough=3 -Wno-strict-overflow -fdiagnostics-show-option -pthread -fomit-frame-pointer -ffunction-sections -fdata-sections  -msse3 -fvisibility=hidden -DCHECK_FUNCTION_EXISTS=setmode -O3 -DNDEBUG  -DNDEBUG -fPIE   -o CMakeFiles/cmTC_73772.dir/CheckFunctionExists.c.o   -c /usr/share/cmake-3.16/Modules/CheckFunctionExists.c
Linking C executable cmTC_73772
/usr/bin/cmake -E cmake_link_script CMakeFiles/cmTC_73772.dir/link.txt --verbose=1
/bin/cc    -fsigned-char -W -Wall -Wreturn-type -Waddress -Wsequence-point -Wformat -Wformat-security -Wmissing-declarations -Wmissing-prototypes -Wstrict-prototypes -Wundef -Winit-self -Wpointer-arith -Wshadow -Wuninitialized -Wno-comment -Wimplicit-fallthrough=3 -Wno-strict-overflow -fdiagnostics-show-option -pthread -fomit-frame-pointer -ffunction-sections -fdata-sections  -msse3 -fvisibility=hidden -DCHECK_FUNCTION_EXISTS=setmode -O3 -DNDEBUG  -DNDEBUG    -Wl,--gc-sections -Wl,--as-needed -Wl,--no-undefined  CMakeFiles/cmTC_73772.dir/CheckFunctionExists.c.o  -o cmTC_73772 
/bin/ld: CMakeFiles/cmTC_73772.dir/CheckFunctionExists.c.o: in function `main':
CheckFunctionExists.c:(.text.startup.main+0x10): undefined reference to `setmode'
collect2: error: ld returned 1 exit status
make[1]: *** [CMakeFiles/cmTC_73772.dir/build.make:87: cmTC_73772] Error 1
make[1]: Leaving directory '/mnt/netapp/SECURITY/users/rnguyen/segModule/opencv-4.x/build/CMakeFiles/CMakeTmp'
make: *** [Makefile:121: cmTC_73772/fast] Error 2



Build output check failed:
    Regex: 'unrecognized .*option'
    Output line: 'cc1: warning: unrecognized command line option ‘-Wno-array-parameter’'
Compilation failed:
    source file: '/mnt/netapp/SECURITY/users/rnguyen/segModule/opencv-4.x/build/CMakeFiles/CMakeTmp/src.c'
    check option: ' -Wno-array-parameter'
===== BUILD LOG =====
Change Dir: /mnt/netapp/SECURITY/users/rnguyen/segModule/opencv-4.x/build/CMakeFiles/CMakeTmp

Run Build Command(s):/bin/make cmTC_1225f/fast && /bin/make -f CMakeFiles/cmTC_1225f.dir/build.make CMakeFiles/cmTC_1225f.dir/build
make[1]: Entering directory '/mnt/netapp/SECURITY/users/rnguyen/segModule/opencv-4.x/build/CMakeFiles/CMakeTmp'
Building C object CMakeFiles/cmTC_1225f.dir/src.c.o
/bin/cc   -fsigned-char -W -Wall -Wreturn-type -Waddress -Wsequence-point -Wformat -Wformat-security -Wstrict-prototypes -Winit-self -Wpointer-arith -Wuninitialized -Wno-comment -Wno-strict-overflow -fdiagnostics-show-option -pthread -fomit-frame-pointer -ffunction-sections -fdata-sections  -msse3 -fvisibility=hidden -Wno-unused-but-set-variable -Wno-missing-prototypes -Wno-missing-declarations -Wno-undef -Wno-unused -Wno-sign-compare -Wno-cast-align -Wno-shadow -Wno-maybe-uninitialized -Wno-pointer-to-int-cast -Wno-int-to-pointer-cast -Wno-misleading-indentation -Wno-implicit-fallthrough -Wno-unused-parameter  -O3 -DNDEBUG  -DNDEBUG -fPIE    -Wno-array-parameter -o CMakeFiles/cmTC_1225f.dir/src.c.o   -c /mnt/netapp/SECURITY/users/rnguyen/segModule/opencv-4.x/build/CMakeFiles/CMakeTmp/src.c
/mnt/netapp/SECURITY/users/rnguyen/segModule/opencv-4.x/build/CMakeFiles/CMakeTmp/src.c:1: warning: ignoring #pragma   [-Wunknown-pragmas]
    1 | #pragma
      | 
cc1: warning: unrecognized command line option ‘-Wno-array-parameter’
Linking C executable cmTC_1225f
/usr/bin/cmake -E cmake_link_script CMakeFiles/cmTC_1225f.dir/link.txt --verbose=1
/bin/cc    -fsigned-char -W -Wall -Wreturn-type -Waddress -Wsequence-point -Wformat -Wformat-security -Wstrict-prototypes -Winit-self -Wpointer-arith -Wuninitialized -Wno-comment -Wno-strict-overflow -fdiagnostics-show-option -pthread -fomit-frame-pointer -ffunction-sections -fdata-sections  -msse3 -fvisibility=hidden -Wno-unused-but-set-variable -Wno-missing-prototypes -Wno-missing-declarations -Wno-undef -Wno-unused -Wno-sign-compare -Wno-cast-align -Wno-shadow -Wno-maybe-uninitialized -Wno-pointer-to-int-cast -Wno-int-to-pointer-cast -Wno-misleading-indentation -Wno-implicit-fallthrough -Wno-unused-parameter  -O3 -DNDEBUG  -DNDEBUG    -Wl,--gc-sections -Wl,--as-needed -Wl,--no-undefined  CMakeFiles/cmTC_1225f.dir/src.c.o  -o cmTC_1225f 
make[1]: Leaving directory '/mnt/netapp/SECURITY/users/rnguyen/segModule/opencv-4.x/build/CMakeFiles/CMakeTmp'


===== END =====

Build output check failed:
    Regex: 'command[- ]line option .* is valid for .* but not for C\+\+'
    Output line: 'cc1plus: warning: command line option ‘-Wno-missing-prototypes’ is valid for C/ObjC but not for C++'
Compilation failed:
    source file: '/mnt/netapp/SECURITY/users/rnguyen/segModule/opencv-4.x/build/CMakeFiles/CMakeTmp/src.cxx'
    check option: ' -Wno-missing-prototypes'
===== BUILD LOG =====
Change Dir: /mnt/netapp/SECURITY/users/rnguyen/segModule/opencv-4.x/build/CMakeFiles/CMakeTmp

Run Build Command(s):/bin/make cmTC_b999d/fast && /bin/make -f CMakeFiles/cmTC_b999d.dir/build.make CMakeFiles/cmTC_b999d.dir/build
make[1]: Entering directory '/mnt/netapp/SECURITY/users/rnguyen/segModule/opencv-4.x/build/CMakeFiles/CMakeTmp'
Building CXX object CMakeFiles/cmTC_b999d.dir/src.cxx.o
/bin/c++    -fsigned-char -W -Wall -Wreturn-type -Wnon-virtual-dtor -Waddress -Wsequence-point -Wformat -Wformat-security -Wundef -Winit-self -Wpointer-arith -Wshadow -Wsign-promo -Wuninitialized -Wsuggest-override -Wno-delete-non-virtual-dtor -Wno-comment -Wimplicit-fallthrough=3 -Wno-strict-overflow -fdiagnostics-show-option -pthread -fomit-frame-pointer -ffunction-sections -fdata-sections  -msse3 -fvisibility=hidden -fvisibility-inlines-hidden -Wno-missing-declarations -Wno-unused-parameter  -O3 -DNDEBUG  -DNDEBUG -fPIE    -Wno-missing-prototypes -std=c++11 -o CMakeFiles/cmTC_b999d.dir/src.cxx.o -c /mnt/netapp/SECURITY/users/rnguyen/segModule/opencv-4.x/build/CMakeFiles/CMakeTmp/src.cxx
cc1plus: warning: command line option ‘-Wno-missing-prototypes’ is valid for C/ObjC but not for C++
/mnt/netapp/SECURITY/users/rnguyen/segModule/opencv-4.x/build/CMakeFiles/CMakeTmp/src.cxx:1: warning: ignoring #pragma   [-Wunknown-pragmas]
    1 | #pragma
      | 
Linking CXX executable cmTC_b999d
/usr/bin/cmake -E cmake_link_script CMakeFiles/cmTC_b999d.dir/link.txt --verbose=1
/bin/c++     -fsigned-char -W -Wall -Wreturn-type -Wnon-virtual-dtor -Waddress -Wsequence-point -Wformat -Wformat-security -Wundef -Winit-self -Wpointer-arith -Wshadow -Wsign-promo -Wuninitialized -Wsuggest-override -Wno-delete-non-virtual-dtor -Wno-comment -Wimplicit-fallthrough=3 -Wno-strict-overflow -fdiagnostics-show-option -pthread -fomit-frame-pointer -ffunction-sections -fdata-sections  -msse3 -fvisibility=hidden -fvisibility-inlines-hidden -Wno-missing-declarations -Wno-unused-parameter  -O3 -DNDEBUG  -DNDEBUG    -Wl,--gc-sections -Wl,--as-needed -Wl,--no-undefined  CMakeFiles/cmTC_b999d.dir/src.cxx.o  -o cmTC_b999d 
make[1]: Leaving directory '/mnt/netapp/SECURITY/users/rnguyen/segModule/opencv-4.x/build/CMakeFiles/CMakeTmp'


===== END =====

Build output check failed:
    Regex: 'unrecognized .*option'
    Output line: 'cc1: warning: unrecognized command line option ‘-Wno-implicit-const-int-float-conversion’'
Compilation failed:
    source file: '/mnt/netapp/SECURITY/users/rnguyen/segModule/opencv-4.x/build/CMakeFiles/CMakeTmp/src.c'
    check option: ' -Wno-implicit-const-int-float-conversion'
===== BUILD LOG =====
Change Dir: /mnt/netapp/SECURITY/users/rnguyen/segModule/opencv-4.x/build/CMakeFiles/CMakeTmp

Run Build Command(s):/bin/make cmTC_56280/fast && /bin/make -f CMakeFiles/cmTC_56280.dir/build.make CMakeFiles/cmTC_56280.dir/build
make[1]: Entering directory '/mnt/netapp/SECURITY/users/rnguyen/segModule/opencv-4.x/build/CMakeFiles/CMakeTmp'
Building C object CMakeFiles/cmTC_56280.dir/src.c.o
/bin/cc   -fsigned-char -W -Wall -Wreturn-type -Waddress -Wsequence-point -Wformat -Wformat-security -Wmissing-declarations -Wmissing-prototypes -Wstrict-prototypes -Wundef -Winit-self -Wpointer-arith -Wshadow -Wuninitialized -Wno-comment -Wimplicit-fallthrough=3 -Wno-strict-overflow -fdiagnostics-show-option -pthread -fomit-frame-pointer -ffunction-sections -fdata-sections  -msse3 -fvisibility=hidden  -O3 -DNDEBUG  -DNDEBUG -fPIE    -Wno-implicit-const-int-float-conversion -o CMakeFiles/cmTC_56280.dir/src.c.o   -c /mnt/netapp/SECURITY/users/rnguyen/segModule/opencv-4.x/build/CMakeFiles/CMakeTmp/src.c
/mnt/netapp/SECURITY/users/rnguyen/segModule/opencv-4.x/build/CMakeFiles/CMakeTmp/src.c:1: warning: ignoring #pragma   [-Wunknown-pragmas]
    1 | #pragma
      | 
cc1: warning: unrecognized command line option ‘-Wno-implicit-const-int-float-conversion’
Linking C executable cmTC_56280
/usr/bin/cmake -E cmake_link_script CMakeFiles/cmTC_56280.dir/link.txt --verbose=1
/bin/cc    -fsigned-char -W -Wall -Wreturn-type -Waddress -Wsequence-point -Wformat -Wformat-security -Wmissing-declarations -Wmissing-prototypes -Wstrict-prototypes -Wundef -Winit-self -Wpointer-arith -Wshadow -Wuninitialized -Wno-comment -Wimplicit-fallthrough=3 -Wno-strict-overflow -fdiagnostics-show-option -pthread -fomit-frame-pointer -ffunction-sections -fdata-sections  -msse3 -fvisibility=hidden  -O3 -DNDEBUG  -DNDEBUG    -Wl,--gc-sections -Wl,--as-needed -Wl,--no-undefined  CMakeFiles/cmTC_56280.dir/src.c.o  -o cmTC_56280 
make[1]: Leaving directory '/mnt/netapp/SECURITY/users/rnguyen/segModule/opencv-4.x/build/CMakeFiles/CMakeTmp'


===== END =====

Build output check failed:
    Regex: 'unrecognized .*option'
    Output line: 'cc1: warning: unrecognized command line option ‘-Wno-documentation’'
Compilation failed:
    source file: '/mnt/netapp/SECURITY/users/rnguyen/segModule/opencv-4.x/build/CMakeFiles/CMakeTmp/src.c'
    check option: ' -Wno-documentation'
===== BUILD LOG =====
Change Dir: /mnt/netapp/SECURITY/users/rnguyen/segModule/opencv-4.x/build/CMakeFiles/CMakeTmp

Run Build Command(s):/bin/make cmTC_c0931/fast && /bin/make -f CMakeFiles/cmTC_c0931.dir/build.make CMakeFiles/cmTC_c0931.dir/build
make[1]: Entering directory '/mnt/netapp/SECURITY/users/rnguyen/segModule/opencv-4.x/build/CMakeFiles/CMakeTmp'
Building C object CMakeFiles/cmTC_c0931.dir/src.c.o
/bin/cc   -fsigned-char -W -Wall -Wreturn-type -Waddress -Wsequence-point -Wformat -Wformat-security -Wstrict-prototypes -Wundef -Winit-self -Wpointer-arith -Wshadow -Wuninitialized -Wno-comment -Wimplicit-fallthrough=3 -Wno-strict-overflow -fdiagnostics-show-option -pthread -fomit-frame-pointer -ffunction-sections -fdata-sections  -msse3 -fvisibility=hidden -Wno-unused-but-set-variable -Wno-missing-prototypes -Wno-missing-declarations  -O3 -DNDEBUG  -DNDEBUG -fPIE    -Wno-documentation -o CMakeFiles/cmTC_c0931.dir/src.c.o   -c /mnt/netapp/SECURITY/users/rnguyen/segModule/opencv-4.x/build/CMakeFiles/CMakeTmp/src.c
/mnt/netapp/SECURITY/users/rnguyen/segModule/opencv-4.x/build/CMakeFiles/CMakeTmp/src.c:1: warning: ignoring #pragma   [-Wunknown-pragmas]
    1 | #pragma
      | 
cc1: warning: unrecognized command line option ‘-Wno-documentation’
Linking C executable cmTC_c0931
/usr/bin/cmake -E cmake_link_script CMakeFiles/cmTC_c0931.dir/link.txt --verbose=1
/bin/cc    -fsigned-char -W -Wall -Wreturn-type -Waddress -Wsequence-point -Wformat -Wformat-security -Wstrict-prototypes -Wundef -Winit-self -Wpointer-arith -Wshadow -Wuninitialized -Wno-comment -Wimplicit-fallthrough=3 -Wno-strict-overflow -fdiagnostics-show-option -pthread -fomit-frame-pointer -ffunction-sections -fdata-sections  -msse3 -fvisibility=hidden -Wno-unused-but-set-variable -Wno-missing-prototypes -Wno-missing-declarations  -O3 -DNDEBUG  -DNDEBUG    -Wl,--gc-sections -Wl,--as-needed -Wl,--no-undefined  CMakeFiles/cmTC_c0931.dir/src.c.o  -o cmTC_c0931 
make[1]: Leaving directory '/mnt/netapp/SECURITY/users/rnguyen/segModule/opencv-4.x/build/CMakeFiles/CMakeTmp'


===== END =====

Determining if the _aligned_malloc exist failed with the following output:
Change Dir: /mnt/netapp/SECURITY/users/rnguyen/segModule/opencv-4.x/build/CMakeFiles/CMakeTmp

Run Build Command(s):/bin/make cmTC_5e718/fast && /bin/make -f CMakeFiles/cmTC_5e718.dir/build.make CMakeFiles/cmTC_5e718.dir/build
make[1]: Entering directory '/mnt/netapp/SECURITY/users/rnguyen/segModule/opencv-4.x/build/CMakeFiles/CMakeTmp'
Building C object CMakeFiles/cmTC_5e718.dir/CheckSymbolExists.c.o
/bin/cc   -fsigned-char -W -Wall -Wreturn-type -Waddress -Wsequence-point -Wformat -Wformat-security -Wstrict-prototypes -Wundef -Winit-self -Wpointer-arith -Wshadow -Wuninitialized -Wno-comment -Wimplicit-fallthrough=3 -Wno-strict-overflow -fdiagnostics-show-option -pthread -fomit-frame-pointer -ffunction-sections -fdata-sections  -msse3 -fvisibility=hidden -Wno-unused-but-set-variable -Wno-missing-prototypes -Wno-missing-declarations  -O3 -DNDEBUG  -DNDEBUG -fPIE   -o CMakeFiles/cmTC_5e718.dir/CheckSymbolExists.c.o   -c /mnt/netapp/SECURITY/users/rnguyen/segModule/opencv-4.x/build/CMakeFiles/CMakeTmp/CheckSymbolExists.c
/mnt/netapp/SECURITY/users/rnguyen/segModule/opencv-4.x/build/CMakeFiles/CMakeTmp/CheckSymbolExists.c: In function ‘main’:
/mnt/netapp/SECURITY/users/rnguyen/segModule/opencv-4.x/build/CMakeFiles/CMakeTmp/CheckSymbolExists.c:8:19: error: ‘_aligned_malloc’ undeclared (first use in this function)
    8 |   return ((int*)(&_aligned_malloc))[argc];
      |                   ^~~~~~~~~~~~~~~
/mnt/netapp/SECURITY/users/rnguyen/segModule/opencv-4.x/build/CMakeFiles/CMakeTmp/CheckSymbolExists.c:8:19: note: each undeclared identifier is reported only once for each function it appears in
/mnt/netapp/SECURITY/users/rnguyen/segModule/opencv-4.x/build/CMakeFiles/CMakeTmp/CheckSymbolExists.c:4:14: warning: parameter ‘argc’ set but not used [-Wunused-but-set-parameter]
    4 | int main(int argc, char** argv)
      |          ~~~~^~~~
make[1]: *** [CMakeFiles/cmTC_5e718.dir/build.make:66: CMakeFiles/cmTC_5e718.dir/CheckSymbolExists.c.o] Error 1
make[1]: Leaving directory '/mnt/netapp/SECURITY/users/rnguyen/segModule/opencv-4.x/build/CMakeFiles/CMakeTmp'
make: *** [Makefile:121: cmTC_5e718/fast] Error 2


File /mnt/netapp/SECURITY/users/rnguyen/segModule/opencv-4.x/build/CMakeFiles/CMakeTmp/CheckSymbolExists.c:
/* */
#include <malloc.h>

int main(int argc, char** argv)
{
  (void)argv;
#ifndef _aligned_malloc
  return ((int*)(&_aligned_malloc))[argc];
#else
  (void)argc;
  return 0;
#endif
}
Build output check failed:
    Regex: 'unrecognized .*option'
    Output line: 'cc1plus: warning: unrecognized command line option ‘-Wno-inconsistent-missing-override’'
Compilation failed:
    source file: '/mnt/netapp/SECURITY/users/rnguyen/segModule/opencv-4.x/build/CMakeFiles/CMakeTmp/src.cxx'
    check option: ' -Wno-inconsistent-missing-override'
===== BUILD LOG =====
Change Dir: /mnt/netapp/SECURITY/users/rnguyen/segModule/opencv-4.x/build/CMakeFiles/CMakeTmp

Run Build Command(s):/bin/make cmTC_8229d/fast && /bin/make -f CMakeFiles/cmTC_8229d.dir/build.make CMakeFiles/cmTC_8229d.dir/build
make[1]: Entering directory '/mnt/netapp/SECURITY/users/rnguyen/segModule/opencv-4.x/build/CMakeFiles/CMakeTmp'
Building CXX object CMakeFiles/cmTC_8229d.dir/src.cxx.o
/bin/c++    -fsigned-char -W -Wall -Wreturn-type -Wnon-virtual-dtor -Waddress -Wsequence-point -Wformat -Wformat-security -Winit-self -Wpointer-arith -Wsign-promo -Wno-delete-non-virtual-dtor -Wno-comment -Wimplicit-fallthrough=3 -Wno-strict-overflow -fdiagnostics-show-option -pthread -fomit-frame-pointer -ffunction-sections -fdata-sections  -msse3 -fvisibility=hidden -fvisibility-inlines-hidden -Wno-shadow -Wno-unused -Wno-sign-compare -Wno-undef -Wno-missing-declarations -Wno-uninitialized -Wno-switch -Wno-parentheses -Wno-array-bounds -Wno-extra -Wno-deprecated-declarations -Wno-misleading-indentation -Wno-deprecated -Wno-suggest-override  -O3 -DNDEBUG  -DNDEBUG -fPIE    -Wno-inconsistent-missing-override -std=c++11 -o CMakeFiles/cmTC_8229d.dir/src.cxx.o -c /mnt/netapp/SECURITY/users/rnguyen/segModule/opencv-4.x/build/CMakeFiles/CMakeTmp/src.cxx
/mnt/netapp/SECURITY/users/rnguyen/segModule/opencv-4.x/build/CMakeFiles/CMakeTmp/src.cxx:1: warning: ignoring #pragma   [-Wunknown-pragmas]
    1 | #pragma
      | 
cc1plus: warning: unrecognized command line option ‘-Wno-inconsistent-missing-override’
Linking CXX executable cmTC_8229d
/usr/bin/cmake -E cmake_link_script CMakeFiles/cmTC_8229d.dir/link.txt --verbose=1
/bin/c++     -fsigned-char -W -Wall -Wreturn-type -Wnon-virtual-dtor -Waddress -Wsequence-point -Wformat -Wformat-security -Winit-self -Wpointer-arith -Wsign-promo -Wno-delete-non-virtual-dtor -Wno-comment -Wimplicit-fallthrough=3 -Wno-strict-overflow -fdiagnostics-show-option -pthread -fomit-frame-pointer -ffunction-sections -fdata-sections  -msse3 -fvisibility=hidden -fvisibility-inlines-hidden -Wno-shadow -Wno-unused -Wno-sign-compare -Wno-undef -Wno-missing-declarations -Wno-uninitialized -Wno-switch -Wno-parentheses -Wno-array-bounds -Wno-extra -Wno-deprecated-declarations -Wno-misleading-indentation -Wno-deprecated -Wno-suggest-override  -O3 -DNDEBUG  -DNDEBUG    -Wl,--gc-sections -Wl,--as-needed -Wl,--no-undefined  CMakeFiles/cmTC_8229d.dir/src.cxx.o  -o cmTC_8229d 
make[1]: Leaving directory '/mnt/netapp/SECURITY/users/rnguyen/segModule/opencv-4.x/build/CMakeFiles/CMakeTmp'


===== END =====

Build output check failed:
    Regex: 'unrecognized .*option'
    Output line: 'cc1plus: warning: unrecognized command line option ‘-Wno-implicit-const-int-float-conversion’'
Compilation failed:
    source file: '/mnt/netapp/SECURITY/users/rnguyen/segModule/opencv-4.x/build/CMakeFiles/CMakeTmp/src.cxx'
    check option: ' -Wno-implicit-const-int-float-conversion'
===== BUILD LOG =====
Change Dir: /mnt/netapp/SECURITY/users/rnguyen/segModule/opencv-4.x/build/CMakeFiles/CMakeTmp

Run Build Command(s):/bin/make cmTC_344a3/fast && /bin/make -f CMakeFiles/cmTC_344a3.dir/build.make CMakeFiles/cmTC_344a3.dir/build
make[1]: Entering directory '/mnt/netapp/SECURITY/users/rnguyen/segModule/opencv-4.x/build/CMakeFiles/CMakeTmp'
Building CXX object CMakeFiles/cmTC_344a3.dir/src.cxx.o
/bin/c++    -fsigned-char -W -Wall -Wreturn-type -Wnon-virtual-dtor -Waddress -Wsequence-point -Wformat -Wformat-security -Winit-self -Wpointer-arith -Wsign-promo -Wno-delete-non-virtual-dtor -Wno-comment -Wno-strict-overflow -fdiagnostics-show-option -pthread -fomit-frame-pointer -ffunction-sections -fdata-sections  -msse3 -fvisibility=hidden -fvisibility-inlines-hidden -Wno-shadow -Wno-unused -Wno-sign-compare -Wno-undef -Wno-missing-declarations -Wno-uninitialized -Wno-switch -Wno-parentheses -Wno-array-bounds -Wno-extra -Wno-deprecated-declarations -Wno-misleading-indentation -Wno-deprecated -Wno-suggest-override -Wno-implicit-fallthrough -Wno-tautological-compare -Wno-reorder -Wno-unused-result  -O3 -DNDEBUG  -DNDEBUG -fPIE    -Wno-implicit-const-int-float-conversion -std=c++11 -o CMakeFiles/cmTC_344a3.dir/src.cxx.o -c /mnt/netapp/SECURITY/users/rnguyen/segModule/opencv-4.x/build/CMakeFiles/CMakeTmp/src.cxx
/mnt/netapp/SECURITY/users/rnguyen/segModule/opencv-4.x/build/CMakeFiles/CMakeTmp/src.cxx:1: warning: ignoring #pragma   [-Wunknown-pragmas]
    1 | #pragma
      | 
cc1plus: warning: unrecognized command line option ‘-Wno-implicit-const-int-float-conversion’
Linking CXX executable cmTC_344a3
/usr/bin/cmake -E cmake_link_script CMakeFiles/cmTC_344a3.dir/link.txt --verbose=1
/bin/c++     -fsigned-char -W -Wall -Wreturn-type -Wnon-virtual-dtor -Waddress -Wsequence-point -Wformat -Wformat-security -Winit-self -Wpointer-arith -Wsign-promo -Wno-delete-non-virtual-dtor -Wno-comment -Wno-strict-overflow -fdiagnostics-show-option -pthread -fomit-frame-pointer -ffunction-sections -fdata-sections  -msse3 -fvisibility=hidden -fvisibility-inlines-hidden -Wno-shadow -Wno-unused -Wno-sign-compare -Wno-undef -Wno-missing-declarations -Wno-uninitialized -Wno-switch -Wno-parentheses -Wno-array-bounds -Wno-extra -Wno-deprecated-declarations -Wno-misleading-indentation -Wno-deprecated -Wno-suggest-override -Wno-implicit-fallthrough -Wno-tautological-compare -Wno-reorder -Wno-unused-result  -O3 -DNDEBUG  -DNDEBUG    -Wl,--gc-sections -Wl,--as-needed -Wl,--no-undefined  CMakeFiles/cmTC_344a3.dir/src.cxx.o  -o cmTC_344a3 
make[1]: Leaving directory '/mnt/netapp/SECURITY/users/rnguyen/segModule/opencv-4.x/build/CMakeFiles/CMakeTmp'


===== END =====

Build output check failed:
    Regex: 'unrecognized .*option'
    Output line: 'cc1plus: warning: unrecognized command line option ‘-Wno-nontrivial-memcall’'
Compilation failed:
    source file: '/mnt/netapp/SECURITY/users/rnguyen/segModule/opencv-4.x/build/CMakeFiles/CMakeTmp/src.cxx'
    check option: ' -Wno-nontrivial-memcall'
===== BUILD LOG =====
Change Dir: /mnt/netapp/SECURITY/users/rnguyen/segModule/opencv-4.x/build/CMakeFiles/CMakeTmp

Run Build Command(s):/bin/make cmTC_4b978/fast && /bin/make -f CMakeFiles/cmTC_4b978.dir/build.make CMakeFiles/cmTC_4b978.dir/build
make[1]: Entering directory '/mnt/netapp/SECURITY/users/rnguyen/segModule/opencv-4.x/build/CMakeFiles/CMakeTmp'
Building CXX object CMakeFiles/cmTC_4b978.dir/src.cxx.o
/bin/c++    -fsigned-char -W -Wall -Wreturn-type -Wnon-virtual-dtor -Waddress -Wsequence-point -Wformat -Wformat-security -Winit-self -Wpointer-arith -Wsign-promo -Wno-delete-non-virtual-dtor -Wno-comment -Wno-strict-overflow -fdiagnostics-show-option -pthread -fomit-frame-pointer -ffunction-sections -fdata-sections  -msse3 -fvisibility=hidden -fvisibility-inlines-hidden -Wno-shadow -Wno-unused -Wno-sign-compare -Wno-undef -Wno-missing-declarations -Wno-uninitialized -Wno-switch -Wno-parentheses -Wno-array-bounds -Wno-extra -Wno-deprecated-declarations -Wno-misleading-indentation -Wno-deprecated -Wno-suggest-override -Wno-implicit-fallthrough -Wno-tautological-compare -Wno-reorder -Wno-unused-result  -O3 -DNDEBUG  -DNDEBUG -fPIE    -Wno-nontrivial-memcall -std=c++11 -o CMakeFiles/cmTC_4b978.dir/src.cxx.o -c /mnt/netapp/SECURITY/users/rnguyen/segModule/opencv-4.x/build/CMakeFiles/CMakeTmp/src.cxx
/mnt/netapp/SECURITY/users/rnguyen/segModule/opencv-4.x/build/CMakeFiles/CMakeTmp/src.cxx:1: warning: ignoring #pragma   [-Wunknown-pragmas]
    1 | #pragma
      | 
cc1plus: warning: unrecognized command line option ‘-Wno-nontrivial-memcall’
Linking CXX executable cmTC_4b978
/usr/bin/cmake -E cmake_link_script CMakeFiles/cmTC_4b978.dir/link.txt --verbose=1
/bin/c++     -fsigned-char -W -Wall -Wreturn-type -Wnon-virtual-dtor -Waddress -Wsequence-point -Wformat -Wformat-security -Winit-self -Wpointer-arith -Wsign-promo -Wno-delete-non-virtual-dtor -Wno-comment -Wno-strict-overflow -fdiagnostics-show-option -pthread -fomit-frame-pointer -ffunction-sections -fdata-sections  -msse3 -fvisibility=hidden -fvisibility-inlines-hidden -Wno-shadow -Wno-unused -Wno-sign-compare -Wno-undef -Wno-missing-declarations -Wno-uninitialized -Wno-switch -Wno-parentheses -Wno-array-bounds -Wno-extra -Wno-deprecated-declarations -Wno-misleading-indentation -Wno-deprecated -Wno-suggest-override -Wno-implicit-fallthrough -Wno-tautological-compare -Wno-reorder -Wno-unused-result  -O3 -DNDEBUG  -DNDEBUG    -Wl,--gc-sections -Wl,--as-needed -Wl,--no-undefined  CMakeFiles/cmTC_4b978.dir/src.cxx.o  -o cmTC_4b978 
make[1]: Leaving directory '/mnt/netapp/SECURITY/users/rnguyen/segModule/opencv-4.x/build/CMakeFiles/CMakeTmp'


===== END =====

Determining if the function sgemm_ exists failed with the following output:
Change Dir: /mnt/netapp/SECURITY/users/rnguyen/segModule/opencv-4.x/build/CMakeFiles/CMakeTmp

Run Build Command(s):/bin/make cmTC_05bee/fast && /bin/make -f CMakeFiles/cmTC_05bee.dir/build.make CMakeFiles/cmTC_05bee.dir/build
make[1]: Entering directory '/mnt/netapp/SECURITY/users/rnguyen/segModule/opencv-4.x/build/CMakeFiles/CMakeTmp'
Building C object CMakeFiles/cmTC_05bee.dir/CheckFunctionExists.c.o
/bin/cc   -fsigned-char -W -Wall -Wreturn-type -Waddress -Wsequence-point -Wformat -Wformat-security -Wmissing-declarations -Wmissing-prototypes -Wstrict-prototypes -Wundef -Winit-self -Wpointer-arith -Wshadow -Wuninitialized -Wno-comment -Wimplicit-fallthrough=3 -Wno-strict-overflow -fdiagnostics-show-option -pthread -fomit-frame-pointer -ffunction-sections -fdata-sections  -msse3 -fvisibility=hidden -DCHECK_FUNCTION_EXISTS=sgemm_ -O3 -DNDEBUG  -DNDEBUG -fPIE   -o CMakeFiles/cmTC_05bee.dir/CheckFunctionExists.c.o   -c /usr/share/cmake-3.16/Modules/CheckFunctionExists.c
Linking C executable cmTC_05bee
/usr/bin/cmake -E cmake_link_script CMakeFiles/cmTC_05bee.dir/link.txt --verbose=1
/bin/cc    -fsigned-char -W -Wall -Wreturn-type -Waddress -Wsequence-point -Wformat -Wformat-security -Wmissing-declarations -Wmissing-prototypes -Wstrict-prototypes -Wundef -Winit-self -Wpointer-arith -Wshadow -Wuninitialized -Wno-comment -Wimplicit-fallthrough=3 -Wno-strict-overflow -fdiagnostics-show-option -pthread -fomit-frame-pointer -ffunction-sections -fdata-sections  -msse3 -fvisibility=hidden -DCHECK_FUNCTION_EXISTS=sgemm_ -O3 -DNDEBUG  -DNDEBUG    -Wl,--gc-sections -Wl,--as-needed -Wl,--no-undefined  CMakeFiles/cmTC_05bee.dir/CheckFunctionExists.c.o  -o cmTC_05bee 
/bin/ld: CMakeFiles/cmTC_05bee.dir/CheckFunctionExists.c.o: in function `main':
CheckFunctionExists.c:(.text.startup.main+0x10): undefined reference to `sgemm_'
collect2: error: ld returned 1 exit status
make[1]: *** [CMakeFiles/cmTC_05bee.dir/build.make:87: cmTC_05bee] Error 1
make[1]: Leaving directory '/mnt/netapp/SECURITY/users/rnguyen/segModule/opencv-4.x/build/CMakeFiles/CMakeTmp'
make: *** [Makefile:121: cmTC_05bee/fast] Error 2



Build output check failed:
    Regex: 'unrecognized .*option'
    Output line: 'cc1plus: warning: unrecognized command line option ‘-Wno-tautological-undefined-compare’'
Compilation failed:
    source file: '/mnt/netapp/SECURITY/users/rnguyen/segModule/opencv-4.x/build/CMakeFiles/CMakeTmp/src.cxx'
    check option: ' -Wno-tautological-undefined-compare'
===== BUILD LOG =====
Change Dir: /mnt/netapp/SECURITY/users/rnguyen/segModule/opencv-4.x/build/CMakeFiles/CMakeTmp

Run Build Command(s):/bin/make cmTC_bb42f/fast && /bin/make -f CMakeFiles/cmTC_bb42f.dir/build.make CMakeFiles/cmTC_bb42f.dir/build
make[1]: Entering directory '/mnt/netapp/SECURITY/users/rnguyen/segModule/opencv-4.x/build/CMakeFiles/CMakeTmp'
Building CXX object CMakeFiles/cmTC_bb42f.dir/src.cxx.o
/bin/c++    -fsigned-char -W -Wall -Wreturn-type -Wnon-virtual-dtor -Waddress -Wsequence-point -Wformat -Wformat-security -Winit-self -Wpointer-arith -Wuninitialized -Wsuggest-override -Wno-delete-non-virtual-dtor -Wno-comment -Wimplicit-fallthrough=3 -Wno-strict-overflow -fdiagnostics-show-option -pthread -fomit-frame-pointer -ffunction-sections -fdata-sections  -msse3 -fvisibility=hidden -fvisibility-inlines-hidden -Wno-deprecated -Wno-missing-declarations -Wno-shadow -Wno-unused-parameter -Wno-unused-local-typedefs -Wno-sign-compare -Wno-sign-promo -Wno-undef  -O3 -DNDEBUG  -DNDEBUG -fPIE    -Wno-tautological-undefined-compare -std=c++11 -o CMakeFiles/cmTC_bb42f.dir/src.cxx.o -c /mnt/netapp/SECURITY/users/rnguyen/segModule/opencv-4.x/build/CMakeFiles/CMakeTmp/src.cxx
/mnt/netapp/SECURITY/users/rnguyen/segModule/opencv-4.x/build/CMakeFiles/CMakeTmp/src.cxx:1: warning: ignoring #pragma   [-Wunknown-pragmas]
    1 | #pragma
      | 
cc1plus: warning: unrecognized command line option ‘-Wno-tautological-undefined-compare’
Linking CXX executable cmTC_bb42f
/usr/bin/cmake -E cmake_link_script CMakeFiles/cmTC_bb42f.dir/link.txt --verbose=1
/bin/c++     -fsigned-char -W -Wall -Wreturn-type -Wnon-virtual-dtor -Waddress -Wsequence-point -Wformat -Wformat-security -Winit-self -Wpointer-arith -Wuninitialized -Wsuggest-override -Wno-delete-non-virtual-dtor -Wno-comment -Wimplicit-fallthrough=3 -Wno-strict-overflow -fdiagnostics-show-option -pthread -fomit-frame-pointer -ffunction-sections -fdata-sections  -msse3 -fvisibility=hidden -fvisibility-inlines-hidden -Wno-deprecated -Wno-missing-declarations -Wno-shadow -Wno-unused-parameter -Wno-unused-local-typedefs -Wno-sign-compare -Wno-sign-promo -Wno-undef  -O3 -DNDEBUG  -DNDEBUG    -Wl,--gc-sections -Wl,--as-needed -Wl,--no-undefined  CMakeFiles/cmTC_bb42f.dir/src.cxx.o  -o cmTC_bb42f 
make[1]: Leaving directory '/mnt/netapp/SECURITY/users/rnguyen/segModule/opencv-4.x/build/CMakeFiles/CMakeTmp'


===== END =====

Build output check failed:
    Regex: 'unrecognized .*option'
    Output line: 'cc1plus: warning: unrecognized command line option ‘-Wno-shorten-64-to-32’'
Compilation failed:
    source file: '/mnt/netapp/SECURITY/users/rnguyen/segModule/opencv-4.x/build/CMakeFiles/CMakeTmp/src.cxx'
    check option: ' -Wno-shorten-64-to-32'
===== BUILD LOG =====
Change Dir: /mnt/netapp/SECURITY/users/rnguyen/segModule/opencv-4.x/build/CMakeFiles/CMakeTmp

Run Build Command(s):/bin/make cmTC_b2b0b/fast && /bin/make -f CMakeFiles/cmTC_b2b0b.dir/build.make CMakeFiles/cmTC_b2b0b.dir/build
make[1]: Entering directory '/mnt/netapp/SECURITY/users/rnguyen/segModule/opencv-4.x/build/CMakeFiles/CMakeTmp'
Building CXX object CMakeFiles/cmTC_b2b0b.dir/src.cxx.o
/bin/c++    -fsigned-char -W -Wall -Wreturn-type -Wnon-virtual-dtor -Waddress -Wsequence-point -Wformat -Wformat-security -Winit-self -Wpointer-arith -Wuninitialized -Wsuggest-override -Wno-delete-non-virtual-dtor -Wno-comment -Wimplicit-fallthrough=3 -Wno-strict-overflow -fdiagnostics-show-option -pthread -fomit-frame-pointer -ffunction-sections -fdata-sections  -msse3 -fvisibility=hidden -fvisibility-inlines-hidden -Wno-deprecated -Wno-missing-declarations -Wno-shadow -Wno-unused-parameter -Wno-unused-local-typedefs -Wno-sign-compare -Wno-sign-promo -Wno-undef -Wno-ignored-qualifiers -Wno-extra -Wno-unused-function -Wno-unused-const-variable  -O3 -DNDEBUG  -DNDEBUG -fPIE    -Wno-shorten-64-to-32 -std=c++11 -o CMakeFiles/cmTC_b2b0b.dir/src.cxx.o -c /mnt/netapp/SECURITY/users/rnguyen/segModule/opencv-4.x/build/CMakeFiles/CMakeTmp/src.cxx
/mnt/netapp/SECURITY/users/rnguyen/segModule/opencv-4.x/build/CMakeFiles/CMakeTmp/src.cxx:1: warning: ignoring #pragma   [-Wunknown-pragmas]
    1 | #pragma
      | 
cc1plus: warning: unrecognized command line option ‘-Wno-shorten-64-to-32’
Linking CXX executable cmTC_b2b0b
/usr/bin/cmake -E cmake_link_script CMakeFiles/cmTC_b2b0b.dir/link.txt --verbose=1
/bin/c++     -fsigned-char -W -Wall -Wreturn-type -Wnon-virtual-dtor -Waddress -Wsequence-point -Wformat -Wformat-security -Winit-self -Wpointer-arith -Wuninitialized -Wsuggest-override -Wno-delete-non-virtual-dtor -Wno-comment -Wimplicit-fallthrough=3 -Wno-strict-overflow -fdiagnostics-show-option -pthread -fomit-frame-pointer -ffunction-sections -fdata-sections  -msse3 -fvisibility=hidden -fvisibility-inlines-hidden -Wno-deprecated -Wno-missing-declarations -Wno-shadow -Wno-unused-parameter -Wno-unused-local-typedefs -Wno-sign-compare -Wno-sign-promo -Wno-undef -Wno-ignored-qualifiers -Wno-extra -Wno-unused-function -Wno-unused-const-variable  -O3 -DNDEBUG  -DNDEBUG    -Wl,--gc-sections -Wl,--as-needed -Wl,--no-undefined  CMakeFiles/cmTC_b2b0b.dir/src.cxx.o  -o cmTC_b2b0b 
make[1]: Leaving directory '/mnt/netapp/SECURITY/users/rnguyen/segModule/opencv-4.x/build/CMakeFiles/CMakeTmp'


===== END =====

Build output check failed:
    Regex: 'unrecognized .*option'
    Output line: 'cc1plus: warning: unrecognized command line option ‘-Wno-enum-compare-switch’'
Compilation failed:
    source file: '/mnt/netapp/SECURITY/users/rnguyen/segModule/opencv-4.x/build/CMakeFiles/CMakeTmp/src.cxx'
    check option: ' -Wno-enum-compare-switch'
===== BUILD LOG =====
Change Dir: /mnt/netapp/SECURITY/users/rnguyen/segModule/opencv-4.x/build/CMakeFiles/CMakeTmp

Run Build Command(s):/bin/make cmTC_3be9b/fast && /bin/make -f CMakeFiles/cmTC_3be9b.dir/build.make CMakeFiles/cmTC_3be9b.dir/build
make[1]: Entering directory '/mnt/netapp/SECURITY/users/rnguyen/segModule/opencv-4.x/build/CMakeFiles/CMakeTmp'
Building CXX object CMakeFiles/cmTC_3be9b.dir/src.cxx.o
/bin/c++    -fsigned-char -W -Wall -Wreturn-type -Wnon-virtual-dtor -Waddress -Wsequence-point -Wformat -Wformat-security -Winit-self -Wpointer-arith -Wuninitialized -Wsuggest-override -Wno-delete-non-virtual-dtor -Wno-comment -Wimplicit-fallthrough=3 -Wno-strict-overflow -fdiagnostics-show-option -pthread -fomit-frame-pointer -ffunction-sections -fdata-sections  -msse3 -fvisibility=hidden -fvisibility-inlines-hidden -Wno-deprecated -Wno-missing-declarations -Wno-shadow -Wno-unused-parameter -Wno-unused-local-typedefs -Wno-sign-compare -Wno-sign-promo -Wno-undef -Wno-ignored-qualifiers -Wno-extra -Wno-unused-function -Wno-unused-const-variable -Wno-invalid-offsetof  -O3 -DNDEBUG  -DNDEBUG -fPIE    -Wno-enum-compare-switch -std=c++11 -o CMakeFiles/cmTC_3be9b.dir/src.cxx.o -c /mnt/netapp/SECURITY/users/rnguyen/segModule/opencv-4.x/build/CMakeFiles/CMakeTmp/src.cxx
/mnt/netapp/SECURITY/users/rnguyen/segModule/opencv-4.x/build/CMakeFiles/CMakeTmp/src.cxx:1: warning: ignoring #pragma   [-Wunknown-pragmas]
    1 | #pragma
      | 
cc1plus: warning: unrecognized command line option ‘-Wno-enum-compare-switch’
Linking CXX executable cmTC_3be9b
/usr/bin/cmake -E cmake_link_script CMakeFiles/cmTC_3be9b.dir/link.txt --verbose=1
/bin/c++     -fsigned-char -W -Wall -Wreturn-type -Wnon-virtual-dtor -Waddress -Wsequence-point -Wformat -Wformat-security -Winit-self -Wpointer-arith -Wuninitialized -Wsuggest-override -Wno-delete-non-virtual-dtor -Wno-comment -Wimplicit-fallthrough=3 -Wno-strict-overflow -fdiagnostics-show-option -pthread -fomit-frame-pointer -ffunction-sections -fdata-sections  -msse3 -fvisibility=hidden -fvisibility-inlines-hidden -Wno-deprecated -Wno-missing-declarations -Wno-shadow -Wno-unused-parameter -Wno-unused-local-typedefs -Wno-sign-compare -Wno-sign-promo -Wno-undef -Wno-ignored-qualifiers -Wno-extra -Wno-unused-function -Wno-unused-const-variable -Wno-invalid-offsetof  -O3 -DNDEBUG  -DNDEBUG    -Wl,--gc-sections -Wl,--as-needed -Wl,--no-undefined  CMakeFiles/cmTC_3be9b.dir/src.cxx.o  -o cmTC_3be9b 
make[1]: Leaving directory '/mnt/netapp/SECURITY/users/rnguyen/segModule/opencv-4.x/build/CMakeFiles/CMakeTmp'


===== END =====

Build output check failed:
    Regex: 'unrecognized .*option'
    Output line: 'cc1plus: warning: unrecognized command line option ‘-Wno-stringop-overread’'
Compilation failed:
    source file: '/mnt/netapp/SECURITY/users/rnguyen/segModule/opencv-4.x/build/CMakeFiles/CMakeTmp/src.cxx'
    check option: ' -Wno-stringop-overread'
===== BUILD LOG =====
Change Dir: /mnt/netapp/SECURITY/users/rnguyen/segModule/opencv-4.x/build/CMakeFiles/CMakeTmp

Run Build Command(s):/bin/make cmTC_0e18e/fast && /bin/make -f CMakeFiles/cmTC_0e18e.dir/build.make CMakeFiles/cmTC_0e18e.dir/build
make[1]: Entering directory '/mnt/netapp/SECURITY/users/rnguyen/segModule/opencv-4.x/build/CMakeFiles/CMakeTmp'
Building CXX object CMakeFiles/cmTC_0e18e.dir/src.cxx.o
/bin/c++    -fsigned-char -W -Wall -Wreturn-type -Wnon-virtual-dtor -Waddress -Wsequence-point -Wformat -Wformat-security -Winit-self -Wpointer-arith -Wuninitialized -Wno-delete-non-virtual-dtor -Wno-comment -Wno-strict-overflow -fdiagnostics-show-option -pthread -fomit-frame-pointer -ffunction-sections -fdata-sections  -msse3 -fvisibility=hidden -fvisibility-inlines-hidden -Wno-deprecated -Wno-missing-declarations -Wno-shadow -Wno-unused-parameter -Wno-unused-local-typedefs -Wno-sign-compare -Wno-sign-promo -Wno-undef -Wno-ignored-qualifiers -Wno-extra -Wno-unused-function -Wno-unused-const-variable -Wno-invalid-offsetof -Wno-suggest-override -Wno-implicit-fallthrough -Wno-array-bounds -Wno-stringop-overflow  -O3 -DNDEBUG  -DNDEBUG -fPIE    -Wno-stringop-overread -std=c++11 -o CMakeFiles/cmTC_0e18e.dir/src.cxx.o -c /mnt/netapp/SECURITY/users/rnguyen/segModule/opencv-4.x/build/CMakeFiles/CMakeTmp/src.cxx
/mnt/netapp/SECURITY/users/rnguyen/segModule/opencv-4.x/build/CMakeFiles/CMakeTmp/src.cxx:1: warning: ignoring #pragma   [-Wunknown-pragmas]
    1 | #pragma
      | 
cc1plus: warning: unrecognized command line option ‘-Wno-stringop-overread’
Linking CXX executable cmTC_0e18e
/usr/bin/cmake -E cmake_link_script CMakeFiles/cmTC_0e18e.dir/link.txt --verbose=1
/bin/c++     -fsigned-char -W -Wall -Wreturn-type -Wnon-virtual-dtor -Waddress -Wsequence-point -Wformat -Wformat-security -Winit-self -Wpointer-arith -Wuninitialized -Wno-delete-non-virtual-dtor -Wno-comment -Wno-strict-overflow -fdiagnostics-show-option -pthread -fomit-frame-pointer -ffunction-sections -fdata-sections  -msse3 -fvisibility=hidden -fvisibility-inlines-hidden -Wno-deprecated -Wno-missing-declarations -Wno-shadow -Wno-unused-parameter -Wno-unused-local-typedefs -Wno-sign-compare -Wno-sign-promo -Wno-undef -Wno-ignored-qualifiers -Wno-extra -Wno-unused-function -Wno-unused-const-variable -Wno-invalid-offsetof -Wno-suggest-override -Wno-implicit-fallthrough -Wno-array-bounds -Wno-stringop-overflow  -O3 -DNDEBUG  -DNDEBUG    -Wl,--gc-sections -Wl,--as-needed -Wl,--no-undefined  CMakeFiles/cmTC_0e18e.dir/src.cxx.o  -o cmTC_0e18e 
make[1]: Leaving directory '/mnt/netapp/SECURITY/users/rnguyen/segModule/opencv-4.x/build/CMakeFiles/CMakeTmp'


===== END =====

Build output check failed:
    Regex: 'unrecognized .*option'
    Output line: 'cc1plus: warning: unrecognized command line option ‘-Wno-comma’'
Compilation failed:
    source file: '/mnt/netapp/SECURITY/users/rnguyen/segModule/opencv-4.x/build/CMakeFiles/CMakeTmp/src.cxx'
    check option: ' -Wno-comma'
===== BUILD LOG =====
Change Dir: /mnt/netapp/SECURITY/users/rnguyen/segModule/opencv-4.x/build/CMakeFiles/CMakeTmp

Run Build Command(s):/bin/make cmTC_7dabb/fast && /bin/make -f CMakeFiles/cmTC_7dabb.dir/build.make CMakeFiles/cmTC_7dabb.dir/build
make[1]: Entering directory '/mnt/netapp/SECURITY/users/rnguyen/segModule/opencv-4.x/build/CMakeFiles/CMakeTmp'
Building CXX object CMakeFiles/cmTC_7dabb.dir/src.cxx.o
/bin/c++    -fsigned-char -W -Wall -Wreturn-type -Wnon-virtual-dtor -Waddress -Wsequence-point -Wformat -Wformat-security -Winit-self -Wpointer-arith -Wuninitialized -Wno-delete-non-virtual-dtor -Wno-comment -Wno-strict-overflow -fdiagnostics-show-option -pthread -fomit-frame-pointer -ffunction-sections -fdata-sections  -msse3 -fvisibility=hidden -fvisibility-inlines-hidden -Wno-deprecated -Wno-missing-declarations -Wno-shadow -Wno-unused-parameter -Wno-unused-local-typedefs -Wno-sign-compare -Wno-sign-promo -Wno-undef -Wno-ignored-qualifiers -Wno-extra -Wno-unused-function -Wno-unused-const-variable -Wno-invalid-offsetof -Wno-suggest-override -Wno-implicit-fallthrough -Wno-array-bounds -Wno-stringop-overflow -Wno-extra-semi  -O3 -DNDEBUG  -DNDEBUG -fPIE    -Wno-comma -std=c++11 -o CMakeFiles/cmTC_7dabb.dir/src.cxx.o -c /mnt/netapp/SECURITY/users/rnguyen/segModule/opencv-4.x/build/CMakeFiles/CMakeTmp/src.cxx
/mnt/netapp/SECURITY/users/rnguyen/segModule/opencv-4.x/build/CMakeFiles/CMakeTmp/src.cxx:1: warning: ignoring #pragma   [-Wunknown-pragmas]
    1 | #pragma
      | 
cc1plus: warning: unrecognized command line option ‘-Wno-comma’
Linking CXX executable cmTC_7dabb
/usr/bin/cmake -E cmake_link_script CMakeFiles/cmTC_7dabb.dir/link.txt --verbose=1
/bin/c++     -fsigned-char -W -Wall -Wreturn-type -Wnon-virtual-dtor -Waddress -Wsequence-point -Wformat -Wformat-security -Winit-self -Wpointer-arith -Wuninitialized -Wno-delete-non-virtual-dtor -Wno-comment -Wno-strict-overflow -fdiagnostics-show-option -pthread -fomit-frame-pointer -ffunction-sections -fdata-sections  -msse3 -fvisibility=hidden -fvisibility-inlines-hidden -Wno-deprecated -Wno-missing-declarations -Wno-shadow -Wno-unused-parameter -Wno-unused-local-typedefs -Wno-sign-compare -Wno-sign-promo -Wno-undef -Wno-ignored-qualifiers -Wno-extra -Wno-unused-function -Wno-unused-const-variable -Wno-invalid-offsetof -Wno-suggest-override -Wno-implicit-fallthrough -Wno-array-bounds -Wno-stringop-overflow -Wno-extra-semi  -O3 -DNDEBUG  -DNDEBUG    -Wl,--gc-sections -Wl,--as-needed -Wl,--no-undefined  CMakeFiles/cmTC_7dabb.dir/src.cxx.o  -o cmTC_7dabb 
make[1]: Leaving directory '/mnt/netapp/SECURITY/users/rnguyen/segModule/opencv-4.x/build/CMakeFiles/CMakeTmp'


===== END =====

Determining if the include file sys/videoio.h exists failed with the following output:
Change Dir: /mnt/netapp/SECURITY/users/rnguyen/segModule/opencv-4.x/build/CMakeFiles/CMakeTmp

Run Build Command(s):/bin/make cmTC_6051c/fast && /bin/make -f CMakeFiles/cmTC_6051c.dir/build.make CMakeFiles/cmTC_6051c.dir/build
make[1]: Entering directory '/mnt/netapp/SECURITY/users/rnguyen/segModule/opencv-4.x/build/CMakeFiles/CMakeTmp'
Building C object CMakeFiles/cmTC_6051c.dir/CheckIncludeFile.c.o
/bin/cc   -fsigned-char -W -Wall -Wreturn-type -Waddress -Wsequence-point -Wformat -Wformat-security -Wmissing-declarations -Wmissing-prototypes -Wstrict-prototypes -Wundef -Winit-self -Wpointer-arith -Wshadow -Wuninitialized -Wno-comment -Wimplicit-fallthrough=3 -Wno-strict-overflow -fdiagnostics-show-option -pthread -fomit-frame-pointer -ffunction-sections -fdata-sections  -msse3 -fvisibility=hidden  -O3 -DNDEBUG  -DNDEBUG -fPIE   -o CMakeFiles/cmTC_6051c.dir/CheckIncludeFile.c.o   -c /mnt/netapp/SECURITY/users/rnguyen/segModule/opencv-4.x/build/CMakeFiles/CMakeTmp/CheckIncludeFile.c
/mnt/netapp/SECURITY/users/rnguyen/segModule/opencv-4.x/build/CMakeFiles/CMakeTmp/CheckIncludeFile.c:1:10: fatal error: sys/videoio.h: No such file or directory
    1 | #include <sys/videoio.h>
      |          ^~~~~~~~~~~~~~~
compilation terminated.
make[1]: *** [CMakeFiles/cmTC_6051c.dir/build.make:66: CMakeFiles/cmTC_6051c.dir/CheckIncludeFile.c.o] Error 1
make[1]: Leaving directory '/mnt/netapp/SECURITY/users/rnguyen/segModule/opencv-4.x/build/CMakeFiles/CMakeTmp'
make: *** [Makefile:121: cmTC_6051c/fast] Error 2



Build output check failed:
    Regex: 'unrecognized .*option'
    Output line: 'cc1plus: warning: unrecognized command line option ‘-Wno-unused-private-field’'
Compilation failed:
    source file: '/mnt/netapp/SECURITY/users/rnguyen/segModule/opencv-4.x/build/CMakeFiles/CMakeTmp/src.cxx'
    check option: ' -Wno-unused-private-field'
===== BUILD LOG =====
Change Dir: /mnt/netapp/SECURITY/users/rnguyen/segModule/opencv-4.x/build/CMakeFiles/CMakeTmp

Run Build Command(s):/bin/make cmTC_52b82/fast && /bin/make -f CMakeFiles/cmTC_52b82.dir/build.make CMakeFiles/cmTC_52b82.dir/build
make[1]: Entering directory '/mnt/netapp/SECURITY/users/rnguyen/segModule/opencv-4.x/build/CMakeFiles/CMakeTmp'
Building CXX object CMakeFiles/cmTC_52b82.dir/src.cxx.o
/bin/c++    -fsigned-char -W -Wall -Wreturn-type -Wnon-virtual-dtor -Waddress -Wsequence-point -Wformat -Wformat-security -Wmissing-declarations -Wundef -Winit-self -Wpointer-arith -Wshadow -Wsign-promo -Wuninitialized -Wsuggest-override -Wno-delete-non-virtual-dtor -Wno-comment -Wimplicit-fallthrough=3 -Wno-strict-overflow -fdiagnostics-show-option -pthread -fomit-frame-pointer -ffunction-sections -fdata-sections  -msse3 -fvisibility=hidden -fvisibility-inlines-hidden -Wno-unused-function -Wno-deprecated-declarations -Wno-overloaded-virtual  -O3 -DNDEBUG  -DNDEBUG -fPIE    -Wno-unused-private-field -std=c++11 -o CMakeFiles/cmTC_52b82.dir/src.cxx.o -c /mnt/netapp/SECURITY/users/rnguyen/segModule/opencv-4.x/build/CMakeFiles/CMakeTmp/src.cxx
/mnt/netapp/SECURITY/users/rnguyen/segModule/opencv-4.x/build/CMakeFiles/CMakeTmp/src.cxx:1: warning: ignoring #pragma   [-Wunknown-pragmas]
    1 | #pragma
      | 
cc1plus: warning: unrecognized command line option ‘-Wno-unused-private-field’
Linking CXX executable cmTC_52b82
/usr/bin/cmake -E cmake_link_script CMakeFiles/cmTC_52b82.dir/link.txt --verbose=1
/bin/c++     -fsigned-char -W -Wall -Wreturn-type -Wnon-virtual-dtor -Waddress -Wsequence-point -Wformat -Wformat-security -Wmissing-declarations -Wundef -Winit-self -Wpointer-arith -Wshadow -Wsign-promo -Wuninitialized -Wsuggest-override -Wno-delete-non-virtual-dtor -Wno-comment -Wimplicit-fallthrough=3 -Wno-strict-overflow -fdiagnostics-show-option -pthread -fomit-frame-pointer -ffunction-sections -fdata-sections  -msse3 -fvisibility=hidden -fvisibility-inlines-hidden -Wno-unused-function -Wno-deprecated-declarations -Wno-overloaded-virtual  -O3 -DNDEBUG  -DNDEBUG    -Wl,--gc-sections -Wl,--as-needed -Wl,--no-undefined  CMakeFiles/cmTC_52b82.dir/src.cxx.o  -o cmTC_52b82 
make[1]: Leaving directory '/mnt/netapp/SECURITY/users/rnguyen/segModule/opencv-4.x/build/CMakeFiles/CMakeTmp'


===== END =====

